<?xml version="1.0" encoding="UTF-8"?>
<robot generator="Robot 7.4.2 (Python 3.13.6 on win32)" generated="2026-05-10T03:48:10.486755" rpa="false" schemaversion="5">
<suite id="s1" name="Driver-Register Test" source="C:\Users\Lenovo\food-delivery-frontend\features\auth\register\driver-register\driver-register_test.robot">
<test id="s1-t1" name="Open Driver Register Page Successfully" line="11">
<kw name="Open Browser" owner="SeleniumLibrary">
<msg time="2026-05-10T03:48:10.923783" level="INFO">Opening browser 'chrome' to base url 'file:///C:/Users/Lenovo/food-delivery-frontend/features/auth/register/driver-register/driver-register.html'.</msg>
<arg>${URL}</arg>
<arg>${BROWSER}</arg>
<doc>Opens a new browser instance to the optional ``url``.</doc>
<status status="PASS" start="2026-05-10T03:48:10.923114" elapsed="1.411364"/>
</kw>
<kw name="Maximize Browser Window" owner="SeleniumLibrary">
<doc>Maximizes current browser window.</doc>
<status status="PASS" start="2026-05-10T03:48:12.334965" elapsed="0.034483"/>
</kw>
<kw name="Page Should Contain" owner="SeleniumLibrary">
<msg time="2026-05-10T03:48:12.396681" level="INFO">Current page contains text 'Sign Up'.</msg>
<arg>Sign Up</arg>
<doc>Verifies that current page contains ``text``.</doc>
<status status="PASS" start="2026-05-10T03:48:12.370266" elapsed="0.026673"/>
</kw>
<kw name="Page Should Contain Element" owner="SeleniumLibrary">
<msg time="2026-05-10T03:48:12.421067" level="INFO">Current page contains element 'id=registerForm'.</msg>
<arg>id=registerForm</arg>
<doc>Verifies that element ``locator`` is found on the current page.</doc>
<status status="PASS" start="2026-05-10T03:48:12.398122" elapsed="0.023036"/>
</kw>
<kw name="Page Should Contain Element" owner="SeleniumLibrary">
<msg time="2026-05-10T03:48:12.436176" level="INFO">Current page contains element 'id=firstName'.</msg>
<arg>id=firstName</arg>
<doc>Verifies that element ``locator`` is found on the current page.</doc>
<status status="PASS" start="2026-05-10T03:48:12.421436" elapsed="0.014978"/>
</kw>
<kw name="Page Should Contain Element" owner="SeleniumLibrary">
<msg time="2026-05-10T03:48:12.469725" level="INFO">Current page contains element 'id=lastName'.</msg>
<arg>id=lastName</arg>
<doc>Verifies that element ``locator`` is found on the current page.</doc>
<status status="PASS" start="2026-05-10T03:48:12.436791" elapsed="0.033151"/>
</kw>
<kw name="Page Should Contain Element" owner="SeleniumLibrary">
<msg time="2026-05-10T03:48:12.485743" level="INFO">Current page contains element 'id=email'.</msg>
<arg>id=email</arg>
<doc>Verifies that element ``locator`` is found on the current page.</doc>
<status status="PASS" start="2026-05-10T03:48:12.470647" elapsed="0.015213"/>
</kw>
<kw name="Page Should Contain Element" owner="SeleniumLibrary">
<msg time="2026-05-10T03:48:12.503800" level="INFO">Current page contains element 'id=phone'.</msg>
<arg>id=phone</arg>
<doc>Verifies that element ``locator`` is found on the current page.</doc>
<status status="PASS" start="2026-05-10T03:48:12.486497" elapsed="0.017490"/>
</kw>
<kw name="Page Should Contain Element" owner="SeleniumLibrary">
<msg time="2026-05-10T03:48:12.523917" level="INFO">Current page contains element 'id=password'.</msg>
<arg>id=password</arg>
<doc>Verifies that element ``locator`` is found on the current page.</doc>
<status status="PASS" start="2026-05-10T03:48:12.504599" elapsed="0.019431"/>
</kw>
<kw name="Page Should Contain Element" owner="SeleniumLibrary">
<msg time="2026-05-10T03:48:12.570043" level="INFO">Current page contains element 'id=confirmPassword'.</msg>
<arg>id=confirmPassword</arg>
<doc>Verifies that element ``locator`` is found on the current page.</doc>
<status status="PASS" start="2026-05-10T03:48:12.524937" elapsed="0.045301"/>
</kw>
<kw name="Close Browser" owner="SeleniumLibrary">
<doc>Closes the current browser.</doc>
<status status="PASS" start="2026-05-10T03:48:12.571240" elapsed="2.197861"/>
</kw>
<doc>Driver register page loads correctly</doc>
<status status="PASS" start="2026-05-10T03:48:10.921676" elapsed="3.848281"/>
</test>
<test id="s1-t2" name="Check Navbar Logo" line="29">
<kw name="Open Browser" owner="SeleniumLibrary">
<msg time="2026-05-10T03:48:14.772666" level="INFO">Opening browser 'chrome' to base url 'file:///C:/Users/Lenovo/food-delivery-frontend/features/auth/register/driver-register/driver-register.html'.</msg>
<arg>${URL}</arg>
<arg>${BROWSER}</arg>
<doc>Opens a new browser instance to the optional ``url``.</doc>
<status status="PASS" start="2026-05-10T03:48:14.772199" elapsed="1.710967"/>
</kw>
<kw name="Maximize Browser Window" owner="SeleniumLibrary">
<doc>Maximizes current browser window.</doc>
<status status="PASS" start="2026-05-10T03:48:16.484211" elapsed="0.063789"/>
</kw>
<kw name="Page Should Contain Element" owner="SeleniumLibrary">
<msg time="2026-05-10T03:48:16.635110" level="INFO">Current page contains element 'css=.navbar-logo'.</msg>
<arg>css=.navbar-logo</arg>
<doc>Verifies that element ``locator`` is found on the current page.</doc>
<status status="PASS" start="2026-05-10T03:48:16.549290" elapsed="0.086190"/>
</kw>
<kw name="Page Should Contain Element" owner="SeleniumLibrary">
<msg time="2026-05-10T03:48:16.682365" level="INFO">Current page contains element 'css=.logo-img'.</msg>
<arg>css=.logo-img</arg>
<doc>Verifies that element ``locator`` is found on the current page.</doc>
<status status="PASS" start="2026-05-10T03:48:16.646185" elapsed="0.036525"/>
</kw>
<kw name="Close Browser" owner="SeleniumLibrary">
<doc>Closes the current browser.</doc>
<status status="PASS" start="2026-05-10T03:48:16.685606" elapsed="2.310717"/>
</kw>
<doc>Navbar logo should be visible</doc>
<status status="PASS" start="2026-05-10T03:48:14.771096" elapsed="4.226333"/>
</test>
<test id="s1-t3" name="Check Form Fields Visibility" line="41">
<kw name="Open Browser" owner="SeleniumLibrary">
<msg time="2026-05-10T03:48:19.001852" level="INFO">Opening browser 'chrome' to base url 'file:///C:/Users/Lenovo/food-delivery-frontend/features/auth/register/driver-register/driver-register.html'.</msg>
<arg>${URL}</arg>
<arg>${BROWSER}</arg>
<doc>Opens a new browser instance to the optional ``url``.</doc>
<status status="PASS" start="2026-05-10T03:48:19.001236" elapsed="1.918402"/>
</kw>
<kw name="Maximize Browser Window" owner="SeleniumLibrary">
<doc>Maximizes current browser window.</doc>
<status status="PASS" start="2026-05-10T03:48:20.920281" elapsed="0.052709"/>
</kw>
<kw name="Element Should Be Visible" owner="SeleniumLibrary">
<msg time="2026-05-10T03:48:21.052165" level="INFO">Element 'id=firstName' is displayed.</msg>
<arg>id=firstName</arg>
<doc>Verifies that the element identified by ``locator`` is visible.</doc>
<status status="PASS" start="2026-05-10T03:48:20.975717" elapsed="0.077045"/>
</kw>
<kw name="Element Should Be Visible" owner="SeleniumLibrary">
<msg time="2026-05-10T03:48:21.099448" level="INFO">Element 'id=lastName' is displayed.</msg>
<arg>id=lastName</arg>
<doc>Verifies that the element identified by ``locator`` is visible.</doc>
<status status="PASS" start="2026-05-10T03:48:21.055636" elapsed="0.044227"/>
</kw>
<kw name="Element Should Be Visible" owner="SeleniumLibrary">
<msg time="2026-05-10T03:48:21.136245" level="INFO">Element 'id=email' is displayed.</msg>
<arg>id=email</arg>
<doc>Verifies that the element identified by ``locator`` is visible.</doc>
<status status="PASS" start="2026-05-10T03:48:21.100670" elapsed="0.036616"/>
</kw>
<kw name="Element Should Be Visible" owner="SeleniumLibrary">
<msg time="2026-05-10T03:48:21.240563" level="INFO">Element 'id=phone' is displayed.</msg>
<arg>id=phone</arg>
<doc>Verifies that the element identified by ``locator`` is visible.</doc>
<status status="PASS" start="2026-05-10T03:48:21.139110" elapsed="0.101795"/>
</kw>
<kw name="Element Should Be Visible" owner="SeleniumLibrary">
<msg time="2026-05-10T03:48:21.286399" level="INFO">Element 'id=password' is displayed.</msg>
<arg>id=password</arg>
<doc>Verifies that the element identified by ``locator`` is visible.</doc>
<status status="PASS" start="2026-05-10T03:48:21.241799" elapsed="0.044865"/>
</kw>
<kw name="Element Should Be Visible" owner="SeleniumLibrary">
<msg time="2026-05-10T03:48:21.331983" level="INFO">Element 'id=confirmPassword' is displayed.</msg>
<arg>id=confirmPassword</arg>
<doc>Verifies that the element identified by ``locator`` is visible.</doc>
<status status="PASS" start="2026-05-10T03:48:21.288169" elapsed="0.044208"/>
</kw>
<kw name="Close Browser" owner="SeleniumLibrary">
<doc>Closes the current browser.</doc>
<status status="PASS" start="2026-05-10T03:48:21.333493" elapsed="2.199724"/>
</kw>
<doc>All register fields should be visible</doc>
<status status="PASS" start="2026-05-10T03:48:18.999638" elapsed="4.534804"/>
</test>
<test id="s1-t4" name="Check Continue Button" line="57">
<kw name="Open Browser" owner="SeleniumLibrary">
<msg time="2026-05-10T03:48:23.537164" level="INFO">Opening browser 'chrome' to base url 'file:///C:/Users/Lenovo/food-delivery-frontend/features/auth/register/driver-register/driver-register.html'.</msg>
<arg>${URL}</arg>
<arg>${BROWSER}</arg>
<doc>Opens a new browser instance to the optional ``url``.</doc>
<status status="PASS" start="2026-05-10T03:48:23.536715" elapsed="1.776790"/>
</kw>
<kw name="Maximize Browser Window" owner="SeleniumLibrary">
<doc>Maximizes current browser window.</doc>
<status status="PASS" start="2026-05-10T03:48:25.313987" elapsed="0.031383"/>
</kw>
<kw name="Page Should Contain Element" owner="SeleniumLibrary">
<msg time="2026-05-10T03:48:25.363572" level="INFO">Current page contains element 'id=continueBtn'.</msg>
<arg>id=continueBtn</arg>
<doc>Verifies that element ``locator`` is found on the current page.</doc>
<status status="PASS" start="2026-05-10T03:48:25.345875" elapsed="0.018181"/>
</kw>
<kw name="Page Should Contain" owner="SeleniumLibrary">
<msg time="2026-05-10T03:48:25.387154" level="INFO">Current page contains text 'Continue'.</msg>
<arg>Continue</arg>
<doc>Verifies that current page contains ``text``.</doc>
<status status="PASS" start="2026-05-10T03:48:25.365344" elapsed="0.022068"/>
</kw>
<kw name="Close Browser" owner="SeleniumLibrary">
<doc>Closes the current browser.</doc>
<status status="PASS" start="2026-05-10T03:48:25.388387" elapsed="2.158169"/>
</kw>
<doc>Continue button should exist</doc>
<status status="PASS" start="2026-05-10T03:48:23.535672" elapsed="4.011873"/>
</test>
<test id="s1-t5" name="Check Google Button Exists" line="69">
<kw name="Open Browser" owner="SeleniumLibrary">
<msg time="2026-05-10T03:48:27.551603" level="INFO">Opening browser 'chrome' to base url 'file:///C:/Users/Lenovo/food-delivery-frontend/features/auth/register/driver-register/driver-register.html'.</msg>
<arg>${URL}</arg>
<arg>${BROWSER}</arg>
<doc>Opens a new browser instance to the optional ``url``.</doc>
<status status="PASS" start="2026-05-10T03:48:27.550791" elapsed="1.800183"/>
</kw>
<kw name="Maximize Browser Window" owner="SeleniumLibrary">
<doc>Maximizes current browser window.</doc>
<status status="PASS" start="2026-05-10T03:48:29.351353" elapsed="0.035003"/>
</kw>
<kw name="Page Should Contain Element" owner="SeleniumLibrary">
<msg time="2026-05-10T03:48:29.403734" level="INFO">Current page contains element 'id=googleBtn'.</msg>
<arg>id=googleBtn</arg>
<doc>Verifies that element ``locator`` is found on the current page.</doc>
<status status="PASS" start="2026-05-10T03:48:29.387073" elapsed="0.016896"/>
</kw>
<kw name="Page Should Contain" owner="SeleniumLibrary">
<msg time="2026-05-10T03:48:29.427838" level="INFO">Current page contains text 'Continue With Google'.</msg>
<arg>Continue With Google</arg>
<doc>Verifies that current page contains ``text``.</doc>
<status status="PASS" start="2026-05-10T03:48:29.404642" elapsed="0.023487"/>
</kw>
<kw name="Close Browser" owner="SeleniumLibrary">
<doc>Closes the current browser.</doc>
<status status="PASS" start="2026-05-10T03:48:29.429285" elapsed="2.177724"/>
</kw>
<doc>Google signup button should exist</doc>
<status status="PASS" start="2026-05-10T03:48:27.549166" elapsed="4.058396"/>
</test>
<test id="s1-t6" name="Check Password Toggle Buttons" line="81">
<kw name="Open Browser" owner="SeleniumLibrary">
<msg time="2026-05-10T03:48:31.609595" level="INFO">Opening browser 'chrome' to base url 'file:///C:/Users/Lenovo/food-delivery-frontend/features/auth/register/driver-register/driver-register.html'.</msg>
<arg>${URL}</arg>
<arg>${BROWSER}</arg>
<doc>Opens a new browser instance to the optional ``url``.</doc>
<status status="PASS" start="2026-05-10T03:48:31.609164" elapsed="1.826156"/>
</kw>
<kw name="Maximize Browser Window" owner="SeleniumLibrary">
<doc>Maximizes current browser window.</doc>
<status status="PASS" start="2026-05-10T03:48:33.436561" elapsed="0.059040"/>
</kw>
<kw name="Page Should Contain Element" owner="SeleniumLibrary">
<msg time="2026-05-10T03:48:33.526050" level="INFO">Current page contains element 'id=eyeToggle'.</msg>
<arg>id=eyeToggle</arg>
<doc>Verifies that element ``locator`` is found on the current page.</doc>
<status status="PASS" start="2026-05-10T03:48:33.497263" elapsed="0.029134"/>
</kw>
<kw name="Page Should Contain Element" owner="SeleniumLibrary">
<msg time="2026-05-10T03:48:33.596084" level="INFO">Current page contains element 'id=confirmEyeToggle'.</msg>
<arg>id=confirmEyeToggle</arg>
<doc>Verifies that element ``locator`` is found on the current page.</doc>
<status status="PASS" start="2026-05-10T03:48:33.527348" elapsed="0.069158"/>
</kw>
<kw name="Close Browser" owner="SeleniumLibrary">
<doc>Closes the current browser.</doc>
<status status="PASS" start="2026-05-10T03:48:33.597691" elapsed="2.160589"/>
</kw>
<doc>Password eye toggle buttons should exist</doc>
<status status="PASS" start="2026-05-10T03:48:31.608346" elapsed="4.150778"/>
</test>
<test id="s1-t7" name="Check Empty Submission Errors" line="93">
<kw name="Open Browser" owner="SeleniumLibrary">
<msg time="2026-05-10T03:48:35.762066" level="INFO">Opening browser 'chrome' to base url 'file:///C:/Users/Lenovo/food-delivery-frontend/features/auth/register/driver-register/driver-register.html'.</msg>
<arg>${URL}</arg>
<arg>${BROWSER}</arg>
<doc>Opens a new browser instance to the optional ``url``.</doc>
<status status="PASS" start="2026-05-10T03:48:35.761512" elapsed="1.811721"/>
</kw>
<kw name="Maximize Browser Window" owner="SeleniumLibrary">
<doc>Maximizes current browser window.</doc>
<status status="PASS" start="2026-05-10T03:48:37.573900" elapsed="0.047358"/>
</kw>
<kw name="Click Button" owner="SeleniumLibrary">
<msg time="2026-05-10T03:48:37.624206" level="INFO">Clicking button 'id=continueBtn'.</msg>
<arg>id=continueBtn</arg>
<doc>Clicks the button identified by ``locator``.</doc>
<status status="PASS" start="2026-05-10T03:48:37.623055" elapsed="0.348114"/>
</kw>
<kw name="Page Should Contain" owner="SeleniumLibrary">
<msg time="2026-05-10T03:48:38.003241" level="INFO">Current page contains text 'First name is required.'.</msg>
<arg>First name is required.</arg>
<doc>Verifies that current page contains ``text``.</doc>
<status status="PASS" start="2026-05-10T03:48:37.972051" elapsed="0.031536"/>
</kw>
<kw name="Page Should Contain" owner="SeleniumLibrary">
<msg time="2026-05-10T03:48:38.026971" level="INFO">Current page contains text 'Last name is required.'.</msg>
<arg>Last name is required.</arg>
<doc>Verifies that current page contains ``text``.</doc>
<status status="PASS" start="2026-05-10T03:48:38.004273" elapsed="0.022912"/>
</kw>
<kw name="Page Should Contain" owner="SeleniumLibrary">
<msg time="2026-05-10T03:48:38.059131" level="INFO">Current page contains text 'Please enter your email address.'.</msg>
<arg>Please enter your email address.</arg>
<doc>Verifies that current page contains ``text``.</doc>
<status status="PASS" start="2026-05-10T03:48:38.029603" elapsed="0.029843"/>
</kw>
<kw name="Page Should Contain" owner="SeleniumLibrary">
<msg time="2026-05-10T03:48:38.111795" level="INFO">Current page contains text 'Please enter your phone number.'.</msg>
<arg>Please enter your phone number.</arg>
<doc>Verifies that current page contains ``text``.</doc>
<status status="PASS" start="2026-05-10T03:48:38.060443" elapsed="0.052185"/>
</kw>
<kw name="Page Should Contain" owner="SeleniumLibrary">
<msg time="2026-05-10T03:48:38.153629" level="INFO">Current page contains text 'Please enter your password.'.</msg>
<arg>Please enter your password.</arg>
<doc>Verifies that current page contains ``text``.</doc>
<status status="PASS" start="2026-05-10T03:48:38.113930" elapsed="0.040232"/>
</kw>
<kw name="Page Should Contain" owner="SeleniumLibrary">
<msg time="2026-05-10T03:48:38.197478" level="INFO">Current page contains text 'You need to confirm your password.'.</msg>
<arg>You need to confirm your password.</arg>
<doc>Verifies that current page contains ``text``.</doc>
<status status="PASS" start="2026-05-10T03:48:38.155173" elapsed="0.043676"/>
</kw>
<kw name="Close Browser" owner="SeleniumLibrary">
<doc>Closes the current browser.</doc>
<status status="PASS" start="2026-05-10T03:48:38.203268" elapsed="2.217041"/>
</kw>
<doc>Empty form submission should show validation errors</doc>
<status status="PASS" start="2026-05-10T03:48:35.760026" elapsed="4.661344"/>
</test>
<test id="s1-t8" name="Check Invalid Email Format" line="111">
<kw name="Open Browser" owner="SeleniumLibrary">
<msg time="2026-05-10T03:48:40.424836" level="INFO">Opening browser 'chrome' to base url 'file:///C:/Users/Lenovo/food-delivery-frontend/features/auth/register/driver-register/driver-register.html'.</msg>
<arg>${URL}</arg>
<arg>${BROWSER}</arg>
<doc>Opens a new browser instance to the optional ``url``.</doc>
<status status="PASS" start="2026-05-10T03:48:40.424223" elapsed="1.787558"/>
</kw>
<kw name="Maximize Browser Window" owner="SeleniumLibrary">
<doc>Maximizes current browser window.</doc>
<status status="PASS" start="2026-05-10T03:48:42.212866" elapsed="0.042443"/>
</kw>
<kw name="Input Text" owner="SeleniumLibrary">
<msg time="2026-05-10T03:48:42.256978" level="INFO">Typing text 'omar@gmail' into text field 'id=email'.</msg>
<arg>id=email</arg>
<arg>omar@gmail</arg>
<doc>Types the given ``text`` into the text field identified by ``locator``.</doc>
<status status="PASS" start="2026-05-10T03:48:42.256194" elapsed="0.362013"/>
</kw>
<kw name="Click Button" owner="SeleniumLibrary">
<msg time="2026-05-10T03:48:42.623585" level="INFO">Clicking button 'id=continueBtn'.</msg>
<arg>id=continueBtn</arg>
<doc>Clicks the button identified by ``locator``.</doc>
<status status="PASS" start="2026-05-10T03:48:42.621365" elapsed="0.245820"/>
</kw>
<kw name="Page Should Contain" owner="SeleniumLibrary">
<msg time="2026-05-10T03:48:42.900052" level="INFO">Current page contains text 'Please enter a valid email address.'.</msg>
<arg>Please enter a valid email address.</arg>
<doc>Verifies that current page contains ``text``.</doc>
<status status="PASS" start="2026-05-10T03:48:42.868101" elapsed="0.032142"/>
</kw>
<kw name="Close Browser" owner="SeleniumLibrary">
<doc>Closes the current browser.</doc>
<status status="PASS" start="2026-05-10T03:48:42.900817" elapsed="2.202896"/>
</kw>
<doc>Invalid email should show error</doc>
<status status="PASS" start="2026-05-10T03:48:40.422862" elapsed="4.682024"/>
</test>
<test id="s1-t9" name="Check Invalid Phone Number" line="125">
<kw name="Open Browser" owner="SeleniumLibrary">
<msg time="2026-05-10T03:48:45.109373" level="INFO">Opening browser 'chrome' to base url 'file:///C:/Users/Lenovo/food-delivery-frontend/features/auth/register/driver-register/driver-register.html'.</msg>
<arg>${URL}</arg>
<arg>${BROWSER}</arg>
<doc>Opens a new browser instance to the optional ``url``.</doc>
<status status="PASS" start="2026-05-10T03:48:45.108750" elapsed="1.467562"/>
</kw>
<kw name="Maximize Browser Window" owner="SeleniumLibrary">
<doc>Maximizes current browser window.</doc>
<status status="PASS" start="2026-05-10T03:48:46.577233" elapsed="0.041302"/>
</kw>
<kw name="Input Text" owner="SeleniumLibrary">
<msg time="2026-05-10T03:48:46.620294" level="INFO">Typing text '01023' into text field 'id=phone'.</msg>
<arg>id=phone</arg>
<arg>01023</arg>
<doc>Types the given ``text`` into the text field identified by ``locator``.</doc>
<status status="PASS" start="2026-05-10T03:48:46.619608" elapsed="0.327802"/>
</kw>
<kw name="Click Button" owner="SeleniumLibrary">
<msg time="2026-05-10T03:48:46.949033" level="INFO">Clicking button 'id=continueBtn'.</msg>
<arg>id=continueBtn</arg>
<doc>Clicks the button identified by ``locator``.</doc>
<status status="PASS" start="2026-05-10T03:48:46.948306" elapsed="0.238140"/>
</kw>
<kw name="Page Should Contain" owner="SeleniumLibrary">
<msg time="2026-05-10T03:48:47.232163" level="INFO">Current page contains text 'Please enter a valid phone number.'.</msg>
<arg>Please enter a valid phone number.</arg>
<doc>Verifies that current page contains ``text``.</doc>
<status status="PASS" start="2026-05-10T03:48:47.187463" elapsed="0.045385"/>
</kw>
<kw name="Close Browser" owner="SeleniumLibrary">
<doc>Closes the current browser.</doc>
<status status="PASS" start="2026-05-10T03:48:47.234184" elapsed="2.196923"/>
</kw>
<doc>Invalid phone number should show error</doc>
<status status="PASS" start="2026-05-10T03:48:45.107450" elapsed="4.324788"/>
</test>
<test id="s1-t10" name="Check Short Password Error" line="139">
<kw name="Open Browser" owner="SeleniumLibrary">
<msg time="2026-05-10T03:48:49.434493" level="INFO">Opening browser 'chrome' to base url 'file:///C:/Users/Lenovo/food-delivery-frontend/features/auth/register/driver-register/driver-register.html'.</msg>
<arg>${URL}</arg>
<arg>${BROWSER}</arg>
<doc>Opens a new browser instance to the optional ``url``.</doc>
<status status="PASS" start="2026-05-10T03:48:49.434024" elapsed="1.762974"/>
</kw>
<kw name="Maximize Browser Window" owner="SeleniumLibrary">
<doc>Maximizes current browser window.</doc>
<status status="PASS" start="2026-05-10T03:48:51.197459" elapsed="0.030280"/>
</kw>
<kw name="Input Text" owner="SeleniumLibrary">
<msg time="2026-05-10T03:48:51.229102" level="INFO">Typing text '123' into text field 'id=password'.</msg>
<arg>id=password</arg>
<arg>123</arg>
<doc>Types the given ``text`` into the text field identified by ``locator``.</doc>
<status status="PASS" start="2026-05-10T03:48:51.228416" elapsed="0.235778"/>
</kw>
<kw name="Click Button" owner="SeleniumLibrary">
<msg time="2026-05-10T03:48:51.468295" level="INFO">Clicking button 'id=continueBtn'.</msg>
<arg>id=continueBtn</arg>
<doc>Clicks the button identified by ``locator``.</doc>
<status status="PASS" start="2026-05-10T03:48:51.466257" elapsed="0.251858"/>
</kw>
<kw name="Page Should Contain" owner="SeleniumLibrary">
<msg time="2026-05-10T03:48:51.756255" level="INFO">Current page contains text 'Password must be at least 6 characters.'.</msg>
<arg>Password must be at least 6 characters.</arg>
<doc>Verifies that current page contains ``text``.</doc>
<status status="PASS" start="2026-05-10T03:48:51.718938" elapsed="0.037746"/>
</kw>
<kw name="Close Browser" owner="SeleniumLibrary">
<doc>Closes the current browser.</doc>
<status status="PASS" start="2026-05-10T03:48:51.759105" elapsed="2.232593"/>
</kw>
<doc>Password less than 6 chars should show error</doc>
<status status="PASS" start="2026-05-10T03:48:49.433186" elapsed="4.560175"/>
</test>
<test id="s1-t11" name="Check Password Mismatch Error" line="153">
<kw name="Open Browser" owner="SeleniumLibrary">
<msg time="2026-05-10T03:48:53.996420" level="INFO">Opening browser 'chrome' to base url 'file:///C:/Users/Lenovo/food-delivery-frontend/features/auth/register/driver-register/driver-register.html'.</msg>
<arg>${URL}</arg>
<arg>${BROWSER}</arg>
<doc>Opens a new browser instance to the optional ``url``.</doc>
<status status="PASS" start="2026-05-10T03:48:53.996018" elapsed="1.747458"/>
</kw>
<kw name="Maximize Browser Window" owner="SeleniumLibrary">
<doc>Maximizes current browser window.</doc>
<status status="PASS" start="2026-05-10T03:48:55.744574" elapsed="0.050281"/>
</kw>
<kw name="Input Text" owner="SeleniumLibrary">
<msg time="2026-05-10T03:48:55.796791" level="INFO">Typing text 'omar123' into text field 'id=password'.</msg>
<arg>id=password</arg>
<arg>omar123</arg>
<doc>Types the given ``text`` into the text field identified by ``locator``.</doc>
<status status="PASS" start="2026-05-10T03:48:55.796108" elapsed="0.328937"/>
</kw>
<kw name="Input Text" owner="SeleniumLibrary">
<msg time="2026-05-10T03:48:56.126959" level="INFO">Typing text 'omar456' into text field 'id=confirmPassword'.</msg>
<arg>id=confirmPassword</arg>
<arg>omar456</arg>
<doc>Types the given ``text`` into the text field identified by ``locator``.</doc>
<status status="PASS" start="2026-05-10T03:48:56.126087" elapsed="0.219241"/>
</kw>
<kw name="Click Button" owner="SeleniumLibrary">
<msg time="2026-05-10T03:48:56.348871" level="INFO">Clicking button 'id=continueBtn'.</msg>
<arg>id=continueBtn</arg>
<doc>Clicks the button identified by ``locator``.</doc>
<status status="PASS" start="2026-05-10T03:48:56.348037" elapsed="0.243016"/>
</kw>
<kw name="Page Should Contain" owner="SeleniumLibrary">
<msg time="2026-05-10T03:48:56.643841" level="INFO">Current page contains text 'password doesn't match.'.</msg>
<arg>password doesn't match.</arg>
<doc>Verifies that current page contains ``text``.</doc>
<status status="PASS" start="2026-05-10T03:48:56.591791" elapsed="0.052401"/>
</kw>
<kw name="Close Browser" owner="SeleniumLibrary">
<doc>Closes the current browser.</doc>
<status status="PASS" start="2026-05-10T03:48:56.646356" elapsed="2.228518"/>
</kw>
<doc>Different passwords should show mismatch error</doc>
<status status="PASS" start="2026-05-10T03:48:53.995165" elapsed="4.879988"/>
</test>
<test id="s1-t12" name="Check Valid Form Submission" line="169">
<kw name="Open Browser" owner="SeleniumLibrary">
<msg time="2026-05-10T03:48:58.878003" level="INFO">Opening browser 'chrome' to base url 'file:///C:/Users/Lenovo/food-delivery-frontend/features/auth/register/driver-register/driver-register.html'.</msg>
<arg>${URL}</arg>
<arg>${BROWSER}</arg>
<doc>Opens a new browser instance to the optional ``url``.</doc>
<status status="PASS" start="2026-05-10T03:48:58.877719" elapsed="1.198249"/>
</kw>
<kw name="Maximize Browser Window" owner="SeleniumLibrary">
<doc>Maximizes current browser window.</doc>
<status status="PASS" start="2026-05-10T03:49:00.076681" elapsed="0.038013"/>
</kw>
<kw name="Input Text" owner="SeleniumLibrary">
<msg time="2026-05-10T03:49:00.117750" level="INFO">Typing text 'Omar' into text field 'id=firstName'.</msg>
<arg>id=firstName</arg>
<arg>Omar</arg>
<doc>Types the given ``text`` into the text field identified by ``locator``.</doc>
<status status="PASS" start="2026-05-10T03:49:00.117131" elapsed="0.206891"/>
</kw>
<kw name="Input Text" owner="SeleniumLibrary">
<msg time="2026-05-10T03:49:00.325068" level="INFO">Typing text 'Hisham' into text field 'id=lastName'.</msg>
<arg>id=lastName</arg>
<arg>Hisham</arg>
<doc>Types the given ``text`` into the text field identified by ``locator``.</doc>
<status status="PASS" start="2026-05-10T03:49:00.324609" elapsed="0.218724"/>
</kw>
<kw name="Input Text" owner="SeleniumLibrary">
<msg time="2026-05-10T03:49:00.547500" level="INFO">Typing text 'omar@gmail.com' into text field 'id=email'.</msg>
<arg>id=email</arg>
<arg>omar@gmail.com</arg>
<doc>Types the given ``text`` into the text field identified by ``locator``.</doc>
<status status="PASS" start="2026-05-10T03:49:00.544908" elapsed="0.261353"/>
</kw>
<kw name="Input Text" owner="SeleniumLibrary">
<msg time="2026-05-10T03:49:00.808361" level="INFO">Typing text '01012345678' into text field 'id=phone'.</msg>
<arg>id=phone</arg>
<arg>01012345678</arg>
<doc>Types the given ``text`` into the text field identified by ``locator``.</doc>
<status status="PASS" start="2026-05-10T03:49:00.807747" elapsed="0.186603"/>
</kw>
<kw name="Input Text" owner="SeleniumLibrary">
<msg time="2026-05-10T03:49:00.996366" level="INFO">Typing text 'omar123' into text field 'id=password'.</msg>
<arg>id=password</arg>
<arg>omar123</arg>
<doc>Types the given ``text`` into the text field identified by ``locator``.</doc>
<status status="PASS" start="2026-05-10T03:49:00.995806" elapsed="0.142916"/>
</kw>
<kw name="Input Text" owner="SeleniumLibrary">
<msg time="2026-05-10T03:49:01.139702" level="INFO">Typing text 'omar123' into text field 'id=confirmPassword'.</msg>
<arg>id=confirmPassword</arg>
<arg>omar123</arg>
<doc>Types the given ``text`` into the text field identified by ``locator``.</doc>
<status status="PASS" start="2026-05-10T03:49:01.139289" elapsed="0.127725"/>
</kw>
<kw name="Click Button" owner="SeleniumLibrary">
<msg time="2026-05-10T03:49:01.268420" level="INFO">Clicking button 'id=continueBtn'.</msg>
<arg>id=continueBtn</arg>
<doc>Clicks the button identified by ``locator``.</doc>
<status status="PASS" start="2026-05-10T03:49:01.267801" elapsed="0.171819"/>
</kw>
<kw name="Element Text Should Be" owner="SeleniumLibrary">
<msg time="2026-05-10T03:49:01.444092" level="INFO">Verifying element 'id=firstNameError' contains exact text ''.</msg>
<arg>id=firstNameError</arg>
<arg>${EMPTY}</arg>
<doc>Verifies that element ``locator`` contains exact the text ``expected``.</doc>
<status status="PASS" start="2026-05-10T03:49:01.442053" elapsed="0.073903"/>
</kw>
<kw name="Element Text Should Be" owner="SeleniumLibrary">
<msg time="2026-05-10T03:49:01.519693" level="INFO">Verifying element 'id=lastNameError' contains exact text ''.</msg>
<arg>id=lastNameError</arg>
<arg>${EMPTY}</arg>
<doc>Verifies that element ``locator`` contains exact the text ``expected``.</doc>
<status status="PASS" start="2026-05-10T03:49:01.517247" elapsed="0.036303"/>
</kw>
<kw name="Element Text Should Be" owner="SeleniumLibrary">
<msg time="2026-05-10T03:49:01.555245" level="INFO">Verifying element 'id=emailError' contains exact text ''.</msg>
<arg>id=emailError</arg>
<arg>${EMPTY}</arg>
<doc>Verifies that element ``locator`` contains exact the text ``expected``.</doc>
<status status="PASS" start="2026-05-10T03:49:01.554131" elapsed="0.055802"/>
</kw>
<kw name="Element Text Should Be" owner="SeleniumLibrary">
<msg time="2026-05-10T03:49:01.611452" level="INFO">Verifying element 'id=phoneError' contains exact text ''.</msg>
<arg>id=phoneError</arg>
<arg>${EMPTY}</arg>
<doc>Verifies that element ``locator`` contains exact the text ``expected``.</doc>
<status status="PASS" start="2026-05-10T03:49:01.610544" elapsed="0.042111"/>
</kw>
<kw name="Element Text Should Be" owner="SeleniumLibrary">
<msg time="2026-05-10T03:49:01.654373" level="INFO">Verifying element 'id=passwordError' contains exact text ''.</msg>
<arg>id=passwordError</arg>
<arg>${EMPTY}</arg>
<doc>Verifies that element ``locator`` contains exact the text ``expected``.</doc>
<status status="PASS" start="2026-05-10T03:49:01.653265" elapsed="0.068877"/>
</kw>
<kw name="Element Text Should Be" owner="SeleniumLibrary">
<msg time="2026-05-10T03:49:01.725325" level="INFO">Verifying element 'id=confirmPasswordError' contains exact text ''.</msg>
<arg>id=confirmPasswordError</arg>
<arg>${EMPTY}</arg>
<doc>Verifies that element ``locator`` contains exact the text ``expected``.</doc>
<status status="PASS" start="2026-05-10T03:49:01.723399" elapsed="0.050236"/>
</kw>
<kw name="Close Browser" owner="SeleniumLibrary">
<doc>Closes the current browser.</doc>
<status status="PASS" start="2026-05-10T03:49:01.774261" elapsed="2.191715"/>
</kw>
<doc>Valid form data should not show errors</doc>
<status status="PASS" start="2026-05-10T03:48:58.876204" elapsed="5.090911"/>
</test>
<test id="s1-t13" name="Check Login Link Exists" line="194">
<kw name="Open Browser" owner="SeleniumLibrary">
<msg time="2026-05-10T03:49:03.971619" level="INFO">Opening browser 'chrome' to base url 'file:///C:/Users/Lenovo/food-delivery-frontend/features/auth/register/driver-register/driver-register.html'.</msg>
<arg>${URL}</arg>
<arg>${BROWSER}</arg>
<doc>Opens a new browser instance to the optional ``url``.</doc>
<status status="PASS" start="2026-05-10T03:49:03.970835" elapsed="1.668849"/>
</kw>
<kw name="Maximize Browser Window" owner="SeleniumLibrary">
<doc>Maximizes current browser window.</doc>
<status status="PASS" start="2026-05-10T03:49:05.640439" elapsed="0.064383"/>
</kw>
<kw name="Page Should Contain" owner="SeleniumLibrary">
<msg time="2026-05-10T03:49:05.769990" level="INFO">Current page contains text 'Already have an account? Sign in'.</msg>
<arg>Already have an account? Sign in</arg>
<doc>Verifies that current page contains ``text``.</doc>
<status status="PASS" start="2026-05-10T03:49:05.706067" elapsed="0.064208"/>
</kw>
<kw name="Page Should Contain Element" owner="SeleniumLibrary">
<msg time="2026-05-10T03:49:05.803884" level="INFO">Current page contains element 'css=.signup-link'.</msg>
<arg>css=.signup-link</arg>
<doc>Verifies that element ``locator`` is found on the current page.</doc>
<status status="PASS" start="2026-05-10T03:49:05.771272" elapsed="0.032918"/>
</kw>
<kw name="Close Browser" owner="SeleniumLibrary">
<doc>Closes the current browser.</doc>
<status status="PASS" start="2026-05-10T03:49:05.805040" elapsed="2.230689"/>
</kw>
<doc>Sign in link should exist</doc>
<status status="PASS" start="2026-05-10T03:49:03.969363" elapsed="4.067160"/>
</test>
<status status="PASS" start="2026-05-10T03:48:10.489150" elapsed="57.549172"/>
</suite>
<statistics>
<total>
<stat pass="13" fail="0" skip="0">All Tests</stat>
</total>
<tag>
</tag>
<suite>
<stat name="Driver-Register Test" id="s1" pass="13" fail="0" skip="0">Driver-Register Test</stat>
</suite>
</statistics>
<errors>
</errors>
</robot>
