<?xml version="1.0" encoding="UTF-8"?>
<robot generator="Robot 7.4.2 (Python 3.11.9 on win32)" generated="2026-03-10T00:50:45.852086" rpa="false" schemaversion="5">
<suite id="s1" name="Login Test" source="D:\ProjectFood\food-delivery-frontend\robot\login_test.robot">
<test id="s1-t1" name="Login With Valid Credentials" line="12">
<kw name="Open Browser" owner="SeleniumLibrary">
<msg time="2026-03-10T00:50:46.266987" level="INFO">Opening browser 'chrome' to base url 'file:///D:/ProjectFood/food-delivery-frontend/login.html'.</msg>
<arg>${URL}</arg>
<arg>${BROWSER}</arg>
<doc>Opens a new browser instance to the optional ``url``.</doc>
<status status="PASS" start="2026-03-10T00:50:46.265986" elapsed="7.877177"/>
</kw>
<kw name="Maximize Browser Window" owner="SeleniumLibrary">
<doc>Maximizes current browser window.</doc>
<status status="PASS" start="2026-03-10T00:50:54.144160" elapsed="0.057987"/>
</kw>
<kw name="Wait Until Element Is Visible" owner="SeleniumLibrary">
<arg>id=email</arg>
<arg>5s</arg>
<doc>Waits until the element ``locator`` is visible.</doc>
<status status="PASS" start="2026-03-10T00:50:54.204147" elapsed="0.040989"/>
</kw>
<kw name="Input Text" owner="SeleniumLibrary">
<msg time="2026-03-10T00:50:54.247137" level="INFO">Typing text 'testuser@example.com' into text field 'id=email'.</msg>
<arg>id=email</arg>
<arg>testuser@example.com</arg>
<doc>Types the given ``text`` into the text field identified by ``locator``.</doc>
<status status="PASS" start="2026-03-10T00:50:54.246136" elapsed="0.197957"/>
</kw>
<kw name="Input Text" owner="SeleniumLibrary">
<msg time="2026-03-10T00:50:54.446091" level="INFO">Typing text '123456' into text field 'id=password'.</msg>
<arg>id=password</arg>
<arg>123456</arg>
<doc>Types the given ``text`` into the text field identified by ``locator``.</doc>
<status status="PASS" start="2026-03-10T00:50:54.445095" elapsed="0.149960"/>
</kw>
<kw name="Wait Until Element Is Visible" owner="SeleniumLibrary">
<arg>id=continueBtn</arg>
<arg>5s</arg>
<doc>Waits until the element ``locator`` is visible.</doc>
<status status="PASS" start="2026-03-10T00:50:54.596056" elapsed="0.032991"/>
</kw>
<kw name="Click Button" owner="SeleniumLibrary">
<msg time="2026-03-10T00:50:54.631046" level="INFO">Clicking button 'id=continueBtn'.</msg>
<arg>id=continueBtn</arg>
<doc>Clicks the button identified by ``locator``.</doc>
<status status="PASS" start="2026-03-10T00:50:54.630047" elapsed="0.186957"/>
</kw>
<kw name="Wait Until Element Does Not Contain" owner="SeleniumLibrary">
<arg>id=emailError</arg>
<arg>Please enter</arg>
<arg>5s</arg>
<doc>Waits until the element ``locator`` does not contain ``text``.</doc>
<status status="PASS" start="2026-03-10T00:50:54.822003" elapsed="0.053988"/>
</kw>
<kw name="Wait Until Element Does Not Contain" owner="SeleniumLibrary">
<arg>id=emailError</arg>
<arg>valid email</arg>
<arg>5s</arg>
<doc>Waits until the element ``locator`` does not contain ``text``.</doc>
<status status="PASS" start="2026-03-10T00:50:54.876990" elapsed="0.033993"/>
</kw>
<kw name="Wait Until Element Does Not Contain" owner="SeleniumLibrary">
<arg>id=passwordError</arg>
<arg>Please enter</arg>
<arg>5s</arg>
<doc>Waits until the element ``locator`` does not contain ``text``.</doc>
<status status="PASS" start="2026-03-10T00:50:54.911983" elapsed="0.052988"/>
</kw>
<kw name="Wait Until Element Does Not Contain" owner="SeleniumLibrary">
<arg>id=passwordError</arg>
<arg>at least 6 characters</arg>
<arg>5s</arg>
<doc>Waits until the element ``locator`` does not contain ``text``.</doc>
<status status="PASS" start="2026-03-10T00:50:54.976969" elapsed="0.033990"/>
</kw>
<kw name="Close Browser" owner="SeleniumLibrary">
<doc>Closes the current browser.</doc>
<status status="PASS" start="2026-03-10T00:50:55.013958" elapsed="2.458431"/>
</kw>
<doc>user enters valid credentials</doc>
<status status="PASS" start="2026-03-10T00:50:46.263988" elapsed="11.209399"/>
</test>
<test id="s1-t2" name="Login With Another Valid User" line="28">
<kw name="Open Browser" owner="SeleniumLibrary">
<msg time="2026-03-10T00:50:57.476387" level="INFO">Opening browser 'chrome' to base url 'file:///D:/ProjectFood/food-delivery-frontend/login.html'.</msg>
<arg>${URL}</arg>
<arg>${BROWSER}</arg>
<doc>Opens a new browser instance to the optional ``url``.</doc>
<status status="PASS" start="2026-03-10T00:50:57.476387" elapsed="5.528718"/>
</kw>
<kw name="Maximize Browser Window" owner="SeleniumLibrary">
<doc>Maximizes current browser window.</doc>
<status status="PASS" start="2026-03-10T00:51:03.011105" elapsed="0.060985"/>
</kw>
<kw name="Wait Until Element Is Visible" owner="SeleniumLibrary">
<arg>id=email</arg>
<arg>5s</arg>
<doc>Waits until the element ``locator`` is visible.</doc>
<status status="PASS" start="2026-03-10T00:51:03.073090" elapsed="0.040988"/>
</kw>
<kw name="Input Text" owner="SeleniumLibrary">
<msg time="2026-03-10T00:51:03.115080" level="INFO">Typing text 'user2@example.com' into text field 'id=email'.</msg>
<arg>id=email</arg>
<arg>user2@example.com</arg>
<doc>Types the given ``text`` into the text field identified by ``locator``.</doc>
<status status="PASS" start="2026-03-10T00:51:03.115080" elapsed="0.185957"/>
</kw>
<kw name="Input Text" owner="SeleniumLibrary">
<msg time="2026-03-10T00:51:03.302035" level="INFO">Typing text 'password2' into text field 'id=password'.</msg>
<arg>id=password</arg>
<arg>password2</arg>
<doc>Types the given ``text`` into the text field identified by ``locator``.</doc>
<status status="PASS" start="2026-03-10T00:51:03.302035" elapsed="0.142970"/>
</kw>
<kw name="Wait Until Element Is Visible" owner="SeleniumLibrary">
<arg>id=continueBtn</arg>
<arg>5s</arg>
<doc>Waits until the element ``locator`` is visible.</doc>
<status status="PASS" start="2026-03-10T00:51:03.446003" elapsed="0.040991"/>
</kw>
<kw name="Click Button" owner="SeleniumLibrary">
<msg time="2026-03-10T00:51:03.488994" level="INFO">Clicking button 'id=continueBtn'.</msg>
<arg>id=continueBtn</arg>
<doc>Clicks the button identified by ``locator``.</doc>
<status status="PASS" start="2026-03-10T00:51:03.487993" elapsed="0.176960"/>
</kw>
<kw name="Wait Until Element Does Not Contain" owner="SeleniumLibrary">
<arg>id=emailError</arg>
<arg>Please enter</arg>
<arg>5s</arg>
<doc>Waits until the element ``locator`` does not contain ``text``.</doc>
<status status="PASS" start="2026-03-10T00:51:03.666954" elapsed="0.078979"/>
</kw>
<kw name="Wait Until Element Does Not Contain" owner="SeleniumLibrary">
<arg>id=emailError</arg>
<arg>valid email</arg>
<arg>5s</arg>
<doc>Waits until the element ``locator`` does not contain ``text``.</doc>
<status status="PASS" start="2026-03-10T00:51:03.747934" elapsed="0.026992"/>
</kw>
<kw name="Wait Until Element Does Not Contain" owner="SeleniumLibrary">
<arg>id=passwordError</arg>
<arg>Please enter</arg>
<arg>5s</arg>
<doc>Waits until the element ``locator`` does not contain ``text``.</doc>
<status status="PASS" start="2026-03-10T00:51:03.775924" elapsed="0.042991"/>
</kw>
<kw name="Wait Until Element Does Not Contain" owner="SeleniumLibrary">
<arg>id=passwordError</arg>
<arg>at least 6 characters</arg>
<arg>5s</arg>
<doc>Waits until the element ``locator`` does not contain ``text``.</doc>
<status status="PASS" start="2026-03-10T00:51:03.819917" elapsed="0.028993"/>
</kw>
<kw name="Close Browser" owner="SeleniumLibrary">
<doc>Closes the current browser.</doc>
<status status="PASS" start="2026-03-10T00:51:03.849911" elapsed="2.454429"/>
</kw>
<doc>Login with another valid user</doc>
<status status="PASS" start="2026-03-10T00:50:57.474387" elapsed="8.839951"/>
</test>
<test id="s1-t3" name="Login With Invalid Email" line="45">
<kw name="Open Browser" owner="SeleniumLibrary">
<msg time="2026-03-10T00:51:06.332333" level="INFO">Opening browser 'chrome' to base url 'file:///D:/ProjectFood/food-delivery-frontend/login.html'.</msg>
<arg>${URL}</arg>
<arg>${BROWSER}</arg>
<doc>Opens a new browser instance to the optional ``url``.</doc>
<status status="PASS" start="2026-03-10T00:51:06.331333" elapsed="6.311536"/>
</kw>
<kw name="Maximize Browser Window" owner="SeleniumLibrary">
<doc>Maximizes current browser window.</doc>
<status status="PASS" start="2026-03-10T00:51:12.645869" elapsed="0.063985"/>
</kw>
<kw name="Wait Until Element Is Visible" owner="SeleniumLibrary">
<arg>id=email</arg>
<arg>5s</arg>
<doc>Waits until the element ``locator`` is visible.</doc>
<status status="PASS" start="2026-03-10T00:51:12.712853" elapsed="0.044988"/>
</kw>
<kw name="Input Text" owner="SeleniumLibrary">
<msg time="2026-03-10T00:51:12.758841" level="INFO">Typing text 'invalidEmail' into text field 'id=email'.</msg>
<arg>id=email</arg>
<arg>invalidEmail</arg>
<doc>Types the given ``text`` into the text field identified by ``locator``.</doc>
<status status="PASS" start="2026-03-10T00:51:12.758841" elapsed="0.165962"/>
</kw>
<kw name="Input Text" owner="SeleniumLibrary">
<msg time="2026-03-10T00:51:12.925801" level="INFO">Typing text '123456' into text field 'id=password'.</msg>
<arg>id=password</arg>
<arg>123456</arg>
<doc>Types the given ``text`` into the text field identified by ``locator``.</doc>
<status status="PASS" start="2026-03-10T00:51:12.925801" elapsed="0.131971"/>
</kw>
<kw name="Wait Until Element Is Visible" owner="SeleniumLibrary">
<arg>id=continueBtn</arg>
<arg>5s</arg>
<doc>Waits until the element ``locator`` is visible.</doc>
<status status="PASS" start="2026-03-10T00:51:13.058770" elapsed="0.038993"/>
</kw>
<kw name="Click Button" owner="SeleniumLibrary">
<msg time="2026-03-10T00:51:13.099762" level="INFO">Clicking button 'id=continueBtn'.</msg>
<arg>id=continueBtn</arg>
<doc>Clicks the button identified by ``locator``.</doc>
<status status="PASS" start="2026-03-10T00:51:13.098764" elapsed="0.176958"/>
</kw>
<kw name="Wait Until Page Contains" owner="SeleniumLibrary">
<arg>Please enter a valid email address</arg>
<arg>5s</arg>
<doc>Waits until ``text`` appears on the current page.</doc>
<status status="PASS" start="2026-03-10T00:51:13.277721" elapsed="0.036993"/>
</kw>
<kw name="Close Browser" owner="SeleniumLibrary">
<doc>Closes the current browser.</doc>
<status status="PASS" start="2026-03-10T00:51:13.315712" elapsed="2.331458"/>
</kw>
<doc>Entering invalid email</doc>
<status status="PASS" start="2026-03-10T00:51:06.327333" elapsed="9.320837"/>
</test>
<test id="s1-t4" name="Login With Wrong Password" line="57">
<kw name="Open Browser" owner="SeleniumLibrary">
<msg time="2026-03-10T00:51:15.652170" level="INFO">Opening browser 'chrome' to base url 'file:///D:/ProjectFood/food-delivery-frontend/login.html'.</msg>
<arg>${URL}</arg>
<arg>${BROWSER}</arg>
<doc>Opens a new browser instance to the optional ``url``.</doc>
<status status="PASS" start="2026-03-10T00:51:15.651170" elapsed="5.047831"/>
</kw>
<kw name="Maximize Browser Window" owner="SeleniumLibrary">
<doc>Maximizes current browser window.</doc>
<status status="PASS" start="2026-03-10T00:51:20.701002" elapsed="0.066982"/>
</kw>
<kw name="Wait Until Element Is Visible" owner="SeleniumLibrary">
<arg>id=email</arg>
<arg>5s</arg>
<doc>Waits until the element ``locator`` is visible.</doc>
<status status="PASS" start="2026-03-10T00:51:20.768983" elapsed="0.037990"/>
</kw>
<kw name="Input Text" owner="SeleniumLibrary">
<msg time="2026-03-10T00:51:20.807974" level="INFO">Typing text 'testuser@example.com' into text field 'id=email'.</msg>
<arg>id=email</arg>
<arg>testuser@example.com</arg>
<doc>Types the given ``text`` into the text field identified by ``locator``.</doc>
<status status="PASS" start="2026-03-10T00:51:20.807974" elapsed="0.218951"/>
</kw>
<kw name="Input Text" owner="SeleniumLibrary">
<msg time="2026-03-10T00:51:21.029923" level="INFO">Typing text 'wrongpass' into text field 'id=password'.</msg>
<arg>id=password</arg>
<arg>wrongpass</arg>
<doc>Types the given ``text`` into the text field identified by ``locator``.</doc>
<status status="PASS" start="2026-03-10T00:51:21.029923" elapsed="0.166962"/>
</kw>
<kw name="Wait Until Element Is Visible" owner="SeleniumLibrary">
<arg>id=continueBtn</arg>
<arg>5s</arg>
<doc>Waits until the element ``locator`` is visible.</doc>
<status status="PASS" start="2026-03-10T00:51:21.197886" elapsed="0.035992"/>
</kw>
<kw name="Click Button" owner="SeleniumLibrary">
<msg time="2026-03-10T00:51:21.234876" level="INFO">Clicking button 'id=continueBtn'.</msg>
<arg>id=continueBtn</arg>
<doc>Clicks the button identified by ``locator``.</doc>
<status status="PASS" start="2026-03-10T00:51:21.233878" elapsed="0.122968"/>
</kw>
<kw name="Wait Until Page Contains" owner="SeleniumLibrary">
<msg time="2026-03-10T00:51:26.705605" level="INFO" html="true">&lt;/td&gt;&lt;/tr&gt;&lt;tr&gt;&lt;td colspan="3"&gt;&lt;a href="selenium-screenshot-1.png"&gt;&lt;img src="selenium-screenshot-1.png" width="800px"&gt;&lt;/a&gt;</msg>
<msg time="2026-03-10T00:51:26.705605" level="FAIL">Text 'Password must be at least 6 characters' did not appear in 5 seconds.</msg>
<arg>Password must be at least 6 characters</arg>
<arg>5s</arg>
<doc>Waits until ``text`` appears on the current page.</doc>
<status status="FAIL" start="2026-03-10T00:51:21.357845" elapsed="5.350790">Text 'Password must be at least 6 characters' did not appear in 5 seconds.</status>
</kw>
<kw name="Close Browser" owner="SeleniumLibrary">
<doc>Closes the current browser.</doc>
<status status="NOT RUN" start="2026-03-10T00:51:26.709607" elapsed="0.000000"/>
</kw>
<doc>Entering wrong password</doc>
<status status="FAIL" start="2026-03-10T00:51:15.650170" elapsed="11.060437">Text 'Password must be at least 6 characters' did not appear in 5 seconds.</status>
</test>
<test id="s1-t5" name="Login With Empty Password" line="69">
<kw name="Open Browser" owner="SeleniumLibrary">
<msg time="2026-03-10T00:51:26.712617" level="INFO">Opening browser 'chrome' to base url 'file:///D:/ProjectFood/food-delivery-frontend/login.html'.</msg>
<arg>${URL}</arg>
<arg>${BROWSER}</arg>
<doc>Opens a new browser instance to the optional ``url``.</doc>
<status status="PASS" start="2026-03-10T00:51:26.711603" elapsed="6.205565"/>
</kw>
<kw name="Maximize Browser Window" owner="SeleniumLibrary">
<doc>Maximizes current browser window.</doc>
<status status="PASS" start="2026-03-10T00:51:32.918165" elapsed="0.058988"/>
</kw>
<kw name="Wait Until Element Is Visible" owner="SeleniumLibrary">
<arg>id=email</arg>
<arg>5s</arg>
<doc>Waits until the element ``locator`` is visible.</doc>
<status status="PASS" start="2026-03-10T00:51:32.978151" elapsed="0.063986"/>
</kw>
<kw name="Input Text" owner="SeleniumLibrary">
<msg time="2026-03-10T00:51:33.044136" level="INFO">Typing text 'testuser@example.com' into text field 'id=email'.</msg>
<arg>id=email</arg>
<arg>testuser@example.com</arg>
<doc>Types the given ``text`` into the text field identified by ``locator``.</doc>
<status status="PASS" start="2026-03-10T00:51:33.043136" elapsed="0.306928"/>
</kw>
<kw name="Clear Element Text" owner="SeleniumLibrary">
<arg>id=password</arg>
<doc>Clears the value of the text-input-element identified by ``locator``.</doc>
<status status="PASS" start="2026-03-10T00:51:33.352064" elapsed="0.086982"/>
</kw>
<kw name="Wait Until Element Is Visible" owner="SeleniumLibrary">
<arg>id=continueBtn</arg>
<arg>5s</arg>
<doc>Waits until the element ``locator`` is visible.</doc>
<status status="PASS" start="2026-03-10T00:51:33.439046" elapsed="0.042988"/>
</kw>
<kw name="Click Button" owner="SeleniumLibrary">
<msg time="2026-03-10T00:51:33.483033" level="INFO">Clicking button 'id=continueBtn'.</msg>
<arg>id=continueBtn</arg>
<doc>Clicks the button identified by ``locator``.</doc>
<status status="PASS" start="2026-03-10T00:51:33.483033" elapsed="0.146969"/>
</kw>
<kw name="Wait Until Page Contains" owner="SeleniumLibrary">
<arg>Please enter your password</arg>
<arg>5s</arg>
<doc>Waits until ``text`` appears on the current page.</doc>
<status status="PASS" start="2026-03-10T00:51:33.631000" elapsed="0.037992"/>
</kw>
<kw name="Close Browser" owner="SeleniumLibrary">
<doc>Closes the current browser.</doc>
<status status="PASS" start="2026-03-10T00:51:33.669991" elapsed="2.487423"/>
</kw>
<doc>Empty password</doc>
<status status="PASS" start="2026-03-10T00:51:26.711603" elapsed="9.446809"/>
</test>
<test id="s1-t6" name="Login With Empty Fields" line="81">
<kw name="Open Browser" owner="SeleniumLibrary">
<msg time="2026-03-10T00:51:36.162412" level="INFO">Opening browser 'chrome' to base url 'file:///D:/ProjectFood/food-delivery-frontend/login.html'.</msg>
<arg>${URL}</arg>
<arg>${BROWSER}</arg>
<doc>Opens a new browser instance to the optional ``url``.</doc>
<status status="PASS" start="2026-03-10T00:51:36.161413" elapsed="8.191100"/>
</kw>
<kw name="Maximize Browser Window" owner="SeleniumLibrary">
<doc>Maximizes current browser window.</doc>
<status status="PASS" start="2026-03-10T00:51:44.354510" elapsed="0.132970"/>
</kw>
<kw name="Clear Element Text" owner="SeleniumLibrary">
<arg>id=email</arg>
<doc>Clears the value of the text-input-element identified by ``locator``.</doc>
<status status="PASS" start="2026-03-10T00:51:44.496477" elapsed="0.182959"/>
</kw>
<kw name="Clear Element Text" owner="SeleniumLibrary">
<arg>id=password</arg>
<doc>Clears the value of the text-input-element identified by ``locator``.</doc>
<status status="PASS" start="2026-03-10T00:51:44.697431" elapsed="0.122971"/>
</kw>
<kw name="Wait Until Element Is Visible" owner="SeleniumLibrary">
<arg>id=continueBtn</arg>
<arg>5s</arg>
<doc>Waits until the element ``locator`` is visible.</doc>
<status status="PASS" start="2026-03-10T00:51:44.824401" elapsed="0.043992"/>
</kw>
<kw name="Click Button" owner="SeleniumLibrary">
<msg time="2026-03-10T00:51:44.870392" level="INFO">Clicking button 'id=continueBtn'.</msg>
<arg>id=continueBtn</arg>
<doc>Clicks the button identified by ``locator``.</doc>
<status status="PASS" start="2026-03-10T00:51:44.869392" elapsed="0.169961"/>
</kw>
<kw name="Wait Until Page Contains" owner="SeleniumLibrary">
<arg>Please enter your email address.</arg>
<arg>5s</arg>
<doc>Waits until ``text`` appears on the current page.</doc>
<status status="PASS" start="2026-03-10T00:51:45.076344" elapsed="0.095978"/>
</kw>
<kw name="Wait Until Page Contains" owner="SeleniumLibrary">
<arg>Please enter your password</arg>
<arg>5s</arg>
<doc>Waits until ``text`` appears on the current page.</doc>
<status status="PASS" start="2026-03-10T00:51:45.173320" elapsed="0.049990"/>
</kw>
<kw name="Close Browser" owner="SeleniumLibrary">
<doc>Closes the current browser.</doc>
<status status="PASS" start="2026-03-10T00:51:45.225310" elapsed="2.970313"/>
</kw>
<doc>All fields are empty</doc>
<status status="PASS" start="2026-03-10T00:51:36.160412" elapsed="12.036220"/>
</test>
<test id="s1-t7" name="Login With Short Email" line="95">
<kw name="Open Browser" owner="SeleniumLibrary">
<msg time="2026-03-10T00:51:48.199620" level="INFO">Opening browser 'chrome' to base url 'file:///D:/ProjectFood/food-delivery-frontend/login.html'.</msg>
<arg>${URL}</arg>
<arg>${BROWSER}</arg>
<doc>Opens a new browser instance to the optional ``url``.</doc>
<status status="PASS" start="2026-03-10T00:51:48.198619" elapsed="6.953387"/>
</kw>
<kw name="Maximize Browser Window" owner="SeleniumLibrary">
<doc>Maximizes current browser window.</doc>
<status status="PASS" start="2026-03-10T00:51:55.154008" elapsed="0.131967"/>
</kw>
<kw name="Wait Until Element Is Visible" owner="SeleniumLibrary">
<arg>id=email</arg>
<arg>5s</arg>
<doc>Waits until the element ``locator`` is visible.</doc>
<status status="PASS" start="2026-03-10T00:51:55.288974" elapsed="0.080981"/>
</kw>
<kw name="Input Text" owner="SeleniumLibrary">
<msg time="2026-03-10T00:51:55.373957" level="INFO">Typing text 'a@b' into text field 'id=email'.</msg>
<arg>id=email</arg>
<arg>a@b</arg>
<doc>Types the given ``text`` into the text field identified by ``locator``.</doc>
<status status="PASS" start="2026-03-10T00:51:55.370955" elapsed="0.173961"/>
</kw>
<kw name="Input Text" owner="SeleniumLibrary">
<msg time="2026-03-10T00:51:55.546915" level="INFO">Typing text '123456' into text field 'id=password'.</msg>
<arg>id=password</arg>
<arg>123456</arg>
<doc>Types the given ``text`` into the text field identified by ``locator``.</doc>
<status status="PASS" start="2026-03-10T00:51:55.545916" elapsed="0.163961"/>
</kw>
<kw name="Wait Until Element Is Visible" owner="SeleniumLibrary">
<arg>id=continueBtn</arg>
<arg>5s</arg>
<doc>Waits until the element ``locator`` is visible.</doc>
<status status="PASS" start="2026-03-10T00:51:55.710878" elapsed="0.035994"/>
</kw>
<kw name="Click Button" owner="SeleniumLibrary">
<msg time="2026-03-10T00:51:55.747869" level="INFO">Clicking button 'id=continueBtn'.</msg>
<arg>id=continueBtn</arg>
<doc>Clicks the button identified by ``locator``.</doc>
<status status="PASS" start="2026-03-10T00:51:55.747869" elapsed="0.171958"/>
</kw>
<kw name="Wait Until Page Contains" owner="SeleniumLibrary">
<arg>Please enter a valid email address.</arg>
<arg>5s</arg>
<doc>Waits until ``text`` appears on the current page.</doc>
<status status="PASS" start="2026-03-10T00:51:55.920827" elapsed="0.028996"/>
</kw>
<kw name="Close Browser" owner="SeleniumLibrary">
<doc>Closes the current browser.</doc>
<status status="PASS" start="2026-03-10T00:51:55.950823" elapsed="2.319518"/>
</kw>
<doc>check email length</doc>
<status status="PASS" start="2026-03-10T00:51:48.197620" elapsed="10.074663"/>
</test>
<test id="s1-t8" name="Login With Special Characters In Password" line="107">
<kw name="Open Browser" owner="SeleniumLibrary">
<msg time="2026-03-10T00:51:58.277283" level="INFO">Opening browser 'chrome' to base url 'file:///D:/ProjectFood/food-delivery-frontend/login.html'.</msg>
<arg>${URL}</arg>
<arg>${BROWSER}</arg>
<doc>Opens a new browser instance to the optional ``url``.</doc>
<status status="PASS" start="2026-03-10T00:51:58.276300" elapsed="10.070645"/>
</kw>
<kw name="Maximize Browser Window" owner="SeleniumLibrary">
<doc>Maximizes current browser window.</doc>
<status status="PASS" start="2026-03-10T00:52:08.357943" elapsed="0.106975"/>
</kw>
<kw name="Wait Until Element Is Visible" owner="SeleniumLibrary">
<arg>id=email</arg>
<arg>5s</arg>
<doc>Waits until the element ``locator`` is visible.</doc>
<status status="PASS" start="2026-03-10T00:52:08.464918" elapsed="0.064985"/>
</kw>
<kw name="Input Text" owner="SeleniumLibrary">
<msg time="2026-03-10T00:52:08.531902" level="INFO">Typing text 'testuser@example.com' into text field 'id=email'.</msg>
<arg>id=email</arg>
<arg>testuser@example.com</arg>
<doc>Types the given ``text`` into the text field identified by ``locator``.</doc>
<status status="PASS" start="2026-03-10T00:52:08.530904" elapsed="0.265936"/>
</kw>
<kw name="Input Text" owner="SeleniumLibrary">
<msg time="2026-03-10T00:52:08.798839" level="INFO">Typing text '!@#$%^' into text field 'id=password'.</msg>
<arg>id=password</arg>
<arg>!@#$%^</arg>
<doc>Types the given ``text`` into the text field identified by ``locator``.</doc>
<status status="PASS" start="2026-03-10T00:52:08.797840" elapsed="0.135968"/>
</kw>
<kw name="Wait Until Element Is Visible" owner="SeleniumLibrary">
<arg>id=continueBtn</arg>
<arg>5s</arg>
<doc>Waits until the element ``locator`` is visible.</doc>
<status status="PASS" start="2026-03-10T00:52:08.934809" elapsed="0.034992"/>
</kw>
<kw name="Click Button" owner="SeleniumLibrary">
<msg time="2026-03-10T00:52:08.971800" level="INFO">Clicking button 'id=continueBtn'.</msg>
<arg>id=continueBtn</arg>
<doc>Clicks the button identified by ``locator``.</doc>
<status status="PASS" start="2026-03-10T00:52:08.969801" elapsed="0.132968"/>
</kw>
<kw name="Wait Until Page Contains" owner="SeleniumLibrary">
<msg time="2026-03-10T00:52:14.272570" level="INFO" html="true">&lt;/td&gt;&lt;/tr&gt;&lt;tr&gt;&lt;td colspan="3"&gt;&lt;a href="selenium-screenshot-2.png"&gt;&lt;img src="selenium-screenshot-2.png" width="800px"&gt;&lt;/a&gt;</msg>
<msg time="2026-03-10T00:52:14.272570" level="FAIL">Text 'Password must be at least 6 characters' did not appear in 5 seconds.</msg>
<arg>Password must be at least 6 characters</arg>
<arg>5s</arg>
<doc>Waits until ``text`` appears on the current page.</doc>
<status status="FAIL" start="2026-03-10T00:52:09.103769" elapsed="5.171800">Text 'Password must be at least 6 characters' did not appear in 5 seconds.</status>
</kw>
<kw name="Close Browser" owner="SeleniumLibrary">
<doc>Closes the current browser.</doc>
<status status="NOT RUN" start="2026-03-10T00:52:14.277569" elapsed="0.001001"/>
</kw>
<doc>Entering unauthorized characters in password</doc>
<status status="FAIL" start="2026-03-10T00:51:58.274337" elapsed="16.006231">Text 'Password must be at least 6 characters' did not appear in 5 seconds.</status>
</test>
<test id="s1-t9" name="Check Forgot Password Link" line="119">
<kw name="Open Browser" owner="SeleniumLibrary">
<msg time="2026-03-10T00:52:14.284566" level="INFO">Opening browser 'chrome' to base url 'file:///D:/ProjectFood/food-delivery-frontend/login.html'.</msg>
<arg>${URL}</arg>
<arg>${BROWSER}</arg>
<doc>Opens a new browser instance to the optional ``url``.</doc>
<status status="PASS" start="2026-03-10T00:52:14.283567" elapsed="8.447041"/>
</kw>
<kw name="Maximize Browser Window" owner="SeleniumLibrary">
<doc>Maximizes current browser window.</doc>
<status status="PASS" start="2026-03-10T00:52:22.733608" elapsed="0.089978"/>
</kw>
<kw name="Wait Until Element Is Visible" owner="SeleniumLibrary">
<arg>css=.forgot-link</arg>
<arg>5s</arg>
<doc>Waits until the element ``locator`` is visible.</doc>
<status status="PASS" start="2026-03-10T00:52:22.824587" elapsed="0.061986"/>
</kw>
<kw name="Click Link" owner="SeleniumLibrary">
<msg time="2026-03-10T00:52:22.891572" level="INFO">Clicking link 'css=.forgot-link'.</msg>
<arg>css=.forgot-link</arg>
<doc>Clicks a link identified by ``locator``.</doc>
<status status="PASS" start="2026-03-10T00:52:22.890571" elapsed="0.340923"/>
</kw>
<kw name="Wait Until Page Contains" owner="SeleniumLibrary">
<arg>Reset Password</arg>
<arg>5s</arg>
<doc>Waits until ``text`` appears on the current page.</doc>
<status status="PASS" start="2026-03-10T00:52:23.233492" elapsed="0.077983"/>
</kw>
<kw name="Close Browser" owner="SeleniumLibrary">
<doc>Closes the current browser.</doc>
<status status="PASS" start="2026-03-10T00:52:23.312473" elapsed="3.181263"/>
</kw>
<doc>check forgot password link</doc>
<status status="PASS" start="2026-03-10T00:52:14.282568" elapsed="12.212167"/>
</test>
<test id="s1-t10" name="Check Login Button Enabled" line="128">
<kw name="Open Browser" owner="SeleniumLibrary">
<msg time="2026-03-10T00:52:26.497735" level="INFO">Opening browser 'chrome' to base url 'file:///D:/ProjectFood/food-delivery-frontend/login.html'.</msg>
<arg>${URL}</arg>
<arg>${BROWSER}</arg>
<doc>Opens a new browser instance to the optional ``url``.</doc>
<status status="PASS" start="2026-03-10T00:52:26.496733" elapsed="8.727977"/>
</kw>
<kw name="Maximize Browser Window" owner="SeleniumLibrary">
<doc>Maximizes current browser window.</doc>
<status status="PASS" start="2026-03-10T00:52:35.226710" elapsed="0.074982"/>
</kw>
<kw name="Wait Until Element Is Visible" owner="SeleniumLibrary">
<arg>id=continueBtn</arg>
<arg>5s</arg>
<doc>Waits until the element ``locator`` is visible.</doc>
<status status="PASS" start="2026-03-10T00:52:35.302692" elapsed="0.055985"/>
</kw>
<kw name="Element Should Be Enabled" owner="SeleniumLibrary">
<arg>id=continueBtn</arg>
<doc>Verifies that element identified by ``locator`` is enabled.</doc>
<status status="PASS" start="2026-03-10T00:52:35.359677" elapsed="0.047990"/>
</kw>
<kw name="Close Browser" owner="SeleniumLibrary">
<doc>Closes the current browser.</doc>
<status status="PASS" start="2026-03-10T00:52:35.407667" elapsed="2.582401"/>
</kw>
<doc>login check button is enabled</doc>
<status status="PASS" start="2026-03-10T00:52:26.495734" elapsed="11.495333"/>
</test>
<status status="FAIL" start="2026-03-10T00:50:45.857085" elapsed="112.134982"/>
</suite>
<statistics>
<total>
<stat pass="8" fail="2" skip="0">All Tests</stat>
</total>
<tag>
</tag>
<suite>
<stat name="Login Test" id="s1" pass="8" fail="2" skip="0">Login Test</stat>
</suite>
</statistics>
<errors>
</errors>
</robot>
