<?xml version="1.0" encoding="UTF-8"?>
<robot generator="Robot 7.4.2 (Python 3.13.6 on win32)" generated="2026-05-10T03:55:43.237386" rpa="false" schemaversion="5">
<suite id="s1" name="Orders Test" source="C:\Users\Lenovo\food-delivery-frontend\features\orders\orders_test.robot">
<kw name="Open Orders Page" type="SETUP">
<kw name="Open Browser" owner="SeleniumLibrary">
<msg time="2026-05-10T03:55:43.474531" level="INFO">Opening browser 'chrome' to base url 'file:///C:/Users/Lenovo/food-delivery-frontend/features/orders/orders.html'.</msg>
<arg>${URL}</arg>
<arg>${BROWSER}</arg>
<doc>Opens a new browser instance to the optional ``url``.</doc>
<status status="PASS" start="2026-05-10T03:55:43.474252" elapsed="1.480196"/>
</kw>
<kw name="Maximize Browser Window" owner="SeleniumLibrary">
<doc>Maximizes current browser window.</doc>
<status status="PASS" start="2026-05-10T03:55:44.955074" elapsed="0.038542"/>
</kw>
<kw name="Set Selenium Timeout" owner="SeleniumLibrary">
<arg>10s</arg>
<doc>Sets the timeout that is used by various keywords.</doc>
<status status="PASS" start="2026-05-10T03:55:44.994179" elapsed="0.004575"/>
</kw>
<kw name="Sleep" owner="BuiltIn">
<msg time="2026-05-10T03:55:49.001079" level="INFO">Slept 4 seconds.</msg>
<arg>4s</arg>
<doc>Pauses the test executed for the given time.</doc>
<status status="PASS" start="2026-05-10T03:55:44.999473" elapsed="4.002111"/>
</kw>
<status status="PASS" start="2026-05-10T03:55:43.473602" elapsed="5.528398"/>
</kw>
<test id="s1-t1" name="Verify Page Loaded" line="15">
<kw name="Title Should Be" owner="SeleniumLibrary">
<msg time="2026-05-10T03:55:49.015248" level="INFO">Page title is 'Food Delivery Orders'.</msg>
<arg>Food Delivery Orders</arg>
<doc>Verifies that the current page title equals ``title``.</doc>
<status status="PASS" start="2026-05-10T03:55:49.003731" elapsed="0.011784"/>
</kw>
<kw name="Sleep" owner="BuiltIn">
<msg time="2026-05-10T03:55:52.017343" level="INFO">Slept 3 seconds.</msg>
<arg>3s</arg>
<doc>Pauses the test executed for the given time.</doc>
<status status="PASS" start="2026-05-10T03:55:49.016087" elapsed="3.001636"/>
</kw>
<status status="PASS" start="2026-05-10T03:55:49.002279" elapsed="3.016390"/>
</test>
<test id="s1-t2" name="Verify Menu Button Exists" line="19">
<kw name="Wait Until Page Contains Element" owner="SeleniumLibrary">
<arg>id=menuBtn</arg>
<arg>20s</arg>
<doc>Waits until the element ``locator`` appears on the current page.</doc>
<status status="PASS" start="2026-05-10T03:55:52.025719" elapsed="0.049209"/>
</kw>
<status status="PASS" start="2026-05-10T03:55:52.022027" elapsed="0.054794"/>
</test>
<test id="s1-t3" name="Verify Sidebar Open" line="22">
<kw name="Click Element" owner="SeleniumLibrary">
<msg time="2026-05-10T03:55:52.082173" level="INFO">Clicking element 'id=menuBtn'.</msg>
<msg time="2026-05-10T03:55:52.363297" level="INFO" html="true">&lt;/td&gt;&lt;/tr&gt;&lt;tr&gt;&lt;td colspan="3"&gt;&lt;a href="selenium-screenshot-1.png"&gt;&lt;img src="selenium-screenshot-1.png" width="800px"&gt;&lt;/a&gt;</msg>
<msg time="2026-05-10T03:55:52.363748" level="FAIL">ElementNotInteractableException: Message: element not interactable
  (Session info: chrome=148.0.7778.96); For documentation on this error, please visit: https://www.selenium.dev/documentation/webdriver/troubleshooting/errors#elementnotinteractableexception
Stacktrace:
	chromedriver!GetHandleVerifier [0x7ff665b9d6d5+14ef5]
	chromedriver!GetHandleVerifier [0x7ff665b9d740+14f60]
	chromedriver!(No symbol) [0x7ff6658ed386]
	chromedriver!(No symbol) [0x7ff6659484e4]
	chromedriver!(No symbol) [0x7ff66593b4f6]
	chromedriver!(No symbol) [0x7ff66596f76a]
	chromedriver!(No symbol) [0x7ff66593ad76]
	chromedriver!(No symbol) [0x7ff6659944ff]
	chromedriver!(No symbol) [0x7ff665939608]
	chromedriver!(No symbol) [0x7ff66593a4f3]
	chromedriver!GetHandleVerifier [0x7ff665e9b779+312f99]
	chromedriver!GetHandleVerifier [0x7ff665e95c8b+30d4ab]
	chromedriver!GetHandleVerifier [0x7ff665eb9012+330832]
	chromedriver!GetHandleVerifier [0x7ff665bba485+31ca5]
	chromedriver!GetHandleVerifier [0x7ff665bc2e7c+3a69c]
	chromedriver!GetHandleVerifier [0x7ff665ba6a74+1e294]
	chromedriver!GetHandleVerifier [0x7ff665ba6c04+1e424]
	chromedriver!GetHandleVerifier [0x7ff665b8b327+2b47]
	KERNEL32!BaseThreadInitThunk [0x7ffa3b67e8d7+17]
	ntdll!RtlUserThreadStart [0x7ffa3bb4c3fc+2c]
</msg>
<arg>id=menuBtn</arg>
<doc>Click the element identified by ``locator``.</doc>
<status status="FAIL" start="2026-05-10T03:55:52.081580" elapsed="0.296564">ElementNotInteractableException: Message: element not interactable
  (Session info: chrome=148.0.7778.96); For documentation on this error, please visit: https://www.selenium.dev/documentation/webdriver/troubleshooting/errors#elementnotinteractableexception
Stacktrace:
	chromedriver!GetHandleVerifier [0x7ff665b9d6d5+14ef5]
	chromedriver!GetHandleVerifier [0x7ff665b9d740+14f60]
	chromedriver!(No symbol) [0x7ff6658ed386]
	chromedriver!(No symbol) [0x7ff6659484e4]
	chromedriver!(No symbol) [0x7ff66593b4f6]
	chromedriver!(No symbol) [0x7ff66596f76a]
	chromedriver!(No symbol) [0x7ff66593ad76]
	chromedriver!(No symbol) [0x7ff6659944ff]
	chromedriver!(No symbol) [0x7ff665939608]
	chromedriver!(No symbol) [0x7ff66593a4f3]
	chromedriver!GetHandleVerifier [0x7ff665e9b779+312f99]
	chromedriver!GetHandleVerifier [0x7ff665e95c8b+30d4ab]
	chromedriver!GetHandleVerifier [0x7ff665eb9012+330832]
	chromedriver!GetHandleVerifier [0x7ff665bba485+31ca5]
	chromedriver!GetHandleVerifier [0x7ff665bc2e7c+3a69c]
	chromedriver!GetHandleVerifier [0x7ff665ba6a74+1e294]
	chromedriver!GetHandleVerifier [0x7ff665ba6c04+1e424]
	chromedriver!GetHandleVerifier [0x7ff665b8b327+2b47]
	KERNEL32!BaseThreadInitThunk [0x7ffa3b67e8d7+17]
	ntdll!RtlUserThreadStart [0x7ffa3bb4c3fc+2c]
</status>
</kw>
<kw name="Sleep" owner="BuiltIn">
<arg>2s</arg>
<doc>Pauses the test executed for the given time.</doc>
<status status="NOT RUN" start="2026-05-10T03:55:52.378884" elapsed="0.000119"/>
</kw>
<kw name="Wait Until Page Contains Element" owner="SeleniumLibrary">
<arg>id=sidebar</arg>
<arg>10s</arg>
<doc>Waits until the element ``locator`` appears on the current page.</doc>
<status status="NOT RUN" start="2026-05-10T03:55:52.380136" elapsed="0.000084"/>
</kw>
<status status="FAIL" start="2026-05-10T03:55:52.080116" elapsed="0.301072">ElementNotInteractableException: Message: element not interactable
  (Session info: chrome=148.0.7778.96); For documentation on this error, please visit: https://www.selenium.dev/documentation/webdriver/troubleshooting/errors#elementnotinteractableexception
Stacktrace:
	chromedriver!GetHandleVerifier [0x7ff665b9d6d5+14ef5]
	chromedriver!GetHandleVerifier [0x7ff665b9d740+14f60]
	chromedriver!(No symbol) [0x7ff6658ed386]
	chromedriver!(No symbol) [0x7ff6659484e4]
	chromedriver!(No symbol) [0x7ff66593b4f6]
	chromedriver!(No symbol) [0x7ff66596f76a]
	chromedriver!(No symbol) [0x7ff66593ad76]
	chromedriver!(No symbol) [0x7ff6659944ff]
	chromedriver!(No symbol) [0x7ff665939608]
	chromedriver!(No symbol) [0x7ff66593a4f3]
	chromedriver!GetHandleVerifier [0x7ff665e9b779+312f99]
	chromedriver!GetHandleVerifier [0x7ff665e95c8b+30d4ab]
	chromedriver!GetHandleVerifier [0x7ff665eb9012+330832]
	chromedriver!GetHandleVerifier [0x7ff665bba485+31ca5]
	chromedriver!GetHandleVerifier [0x7ff665bc2e7c+3a69c]
	chromedriver!GetHandleVerifier [0x7ff665ba6a74+1e294]
	chromedriver!GetHandleVerifier [0x7ff665ba6c04+1e424]
	chromedriver!GetHandleVerifier [0x7ff665b8b327+2b47]
	KERNEL32!BaseThreadInitThunk [0x7ffa3b67e8d7+17]
	ntdll!RtlUserThreadStart [0x7ffa3bb4c3fc+2c]
</status>
</test>
<test id="s1-t4" name="Verify Sidebar Close" line="27">
<kw name="Click Element" owner="SeleniumLibrary">
<msg time="2026-05-10T03:55:52.406114" level="INFO">Clicking element 'id=overlay'.</msg>
<msg time="2026-05-10T03:55:52.655595" level="INFO" html="true">&lt;/td&gt;&lt;/tr&gt;&lt;tr&gt;&lt;td colspan="3"&gt;&lt;a href="selenium-screenshot-2.png"&gt;&lt;img src="selenium-screenshot-2.png" width="800px"&gt;&lt;/a&gt;</msg>
<msg time="2026-05-10T03:55:52.656627" level="FAIL">ElementNotInteractableException: Message: element not interactable
  (Session info: chrome=148.0.7778.96); For documentation on this error, please visit: https://www.selenium.dev/documentation/webdriver/troubleshooting/errors#elementnotinteractableexception
Stacktrace:
	chromedriver!GetHandleVerifier [0x7ff665b9d6d5+14ef5]
	chromedriver!GetHandleVerifier [0x7ff665b9d740+14f60]
	chromedriver!(No symbol) [0x7ff6658ed386]
	chromedriver!(No symbol) [0x7ff6659484e4]
	chromedriver!(No symbol) [0x7ff66593b4f6]
	chromedriver!(No symbol) [0x7ff66596f76a]
	chromedriver!(No symbol) [0x7ff66593ad76]
	chromedriver!(No symbol) [0x7ff6659944ff]
	chromedriver!(No symbol) [0x7ff665939608]
	chromedriver!(No symbol) [0x7ff66593a4f3]
	chromedriver!GetHandleVerifier [0x7ff665e9b779+312f99]
	chromedriver!GetHandleVerifier [0x7ff665e95c8b+30d4ab]
	chromedriver!GetHandleVerifier [0x7ff665eb9012+330832]
	chromedriver!GetHandleVerifier [0x7ff665bba485+31ca5]
	chromedriver!GetHandleVerifier [0x7ff665bc2e7c+3a69c]
	chromedriver!GetHandleVerifier [0x7ff665ba6a74+1e294]
	chromedriver!GetHandleVerifier [0x7ff665ba6c04+1e424]
	chromedriver!GetHandleVerifier [0x7ff665b8b327+2b47]
	KERNEL32!BaseThreadInitThunk [0x7ffa3b67e8d7+17]
	ntdll!RtlUserThreadStart [0x7ffa3bb4c3fc+2c]
</msg>
<arg>id=overlay</arg>
<doc>Click the element identified by ``locator``.</doc>
<status status="FAIL" start="2026-05-10T03:55:52.405258" elapsed="0.254549">ElementNotInteractableException: Message: element not interactable
  (Session info: chrome=148.0.7778.96); For documentation on this error, please visit: https://www.selenium.dev/documentation/webdriver/troubleshooting/errors#elementnotinteractableexception
Stacktrace:
	chromedriver!GetHandleVerifier [0x7ff665b9d6d5+14ef5]
	chromedriver!GetHandleVerifier [0x7ff665b9d740+14f60]
	chromedriver!(No symbol) [0x7ff6658ed386]
	chromedriver!(No symbol) [0x7ff6659484e4]
	chromedriver!(No symbol) [0x7ff66593b4f6]
	chromedriver!(No symbol) [0x7ff66596f76a]
	chromedriver!(No symbol) [0x7ff66593ad76]
	chromedriver!(No symbol) [0x7ff6659944ff]
	chromedriver!(No symbol) [0x7ff665939608]
	chromedriver!(No symbol) [0x7ff66593a4f3]
	chromedriver!GetHandleVerifier [0x7ff665e9b779+312f99]
	chromedriver!GetHandleVerifier [0x7ff665e95c8b+30d4ab]
	chromedriver!GetHandleVerifier [0x7ff665eb9012+330832]
	chromedriver!GetHandleVerifier [0x7ff665bba485+31ca5]
	chromedriver!GetHandleVerifier [0x7ff665bc2e7c+3a69c]
	chromedriver!GetHandleVerifier [0x7ff665ba6a74+1e294]
	chromedriver!GetHandleVerifier [0x7ff665ba6c04+1e424]
	chromedriver!GetHandleVerifier [0x7ff665b8b327+2b47]
	KERNEL32!BaseThreadInitThunk [0x7ffa3b67e8d7+17]
	ntdll!RtlUserThreadStart [0x7ffa3bb4c3fc+2c]
</status>
</kw>
<kw name="Sleep" owner="BuiltIn">
<arg>2s</arg>
<doc>Pauses the test executed for the given time.</doc>
<status status="NOT RUN" start="2026-05-10T03:55:52.661545" elapsed="0.000171"/>
</kw>
<kw name="Wait Until Page Does Not Contain Element" owner="SeleniumLibrary">
<arg>id=sidebar</arg>
<arg>10s</arg>
<doc>Waits until the element ``locator`` disappears from the current page.</doc>
<status status="NOT RUN" start="2026-05-10T03:55:52.662962" elapsed="0.000076"/>
</kw>
<status status="FAIL" start="2026-05-10T03:55:52.383529" elapsed="0.280526">ElementNotInteractableException: Message: element not interactable
  (Session info: chrome=148.0.7778.96); For documentation on this error, please visit: https://www.selenium.dev/documentation/webdriver/troubleshooting/errors#elementnotinteractableexception
Stacktrace:
	chromedriver!GetHandleVerifier [0x7ff665b9d6d5+14ef5]
	chromedriver!GetHandleVerifier [0x7ff665b9d740+14f60]
	chromedriver!(No symbol) [0x7ff6658ed386]
	chromedriver!(No symbol) [0x7ff6659484e4]
	chromedriver!(No symbol) [0x7ff66593b4f6]
	chromedriver!(No symbol) [0x7ff66596f76a]
	chromedriver!(No symbol) [0x7ff66593ad76]
	chromedriver!(No symbol) [0x7ff6659944ff]
	chromedriver!(No symbol) [0x7ff665939608]
	chromedriver!(No symbol) [0x7ff66593a4f3]
	chromedriver!GetHandleVerifier [0x7ff665e9b779+312f99]
	chromedriver!GetHandleVerifier [0x7ff665e95c8b+30d4ab]
	chromedriver!GetHandleVerifier [0x7ff665eb9012+330832]
	chromedriver!GetHandleVerifier [0x7ff665bba485+31ca5]
	chromedriver!GetHandleVerifier [0x7ff665bc2e7c+3a69c]
	chromedriver!GetHandleVerifier [0x7ff665ba6a74+1e294]
	chromedriver!GetHandleVerifier [0x7ff665ba6c04+1e424]
	chromedriver!GetHandleVerifier [0x7ff665b8b327+2b47]
	KERNEL32!BaseThreadInitThunk [0x7ffa3b67e8d7+17]
	ntdll!RtlUserThreadStart [0x7ffa3bb4c3fc+2c]
</status>
</test>
<test id="s1-t5" name="Verify Orders Table" line="32">
<kw name="Wait Until Page Contains Element" owner="SeleniumLibrary">
<arg>class=orders-table</arg>
<arg>10s</arg>
<doc>Waits until the element ``locator`` appears on the current page.</doc>
<status status="PASS" start="2026-05-10T03:55:52.674014" elapsed="0.069345"/>
</kw>
<status status="PASS" start="2026-05-10T03:55:52.669420" elapsed="0.075361"/>
</test>
<test id="s1-t6" name="Verify Order Cards Count" line="35">
<kw name="Get Element Count" owner="SeleniumLibrary">
<msg time="2026-05-10T03:55:52.785392" level="INFO">${count} = 4</msg>
<var>${count}</var>
<arg>class=order-card</arg>
<doc>Returns the number of elements matching ``locator``.</doc>
<status status="PASS" start="2026-05-10T03:55:52.748779" elapsed="0.036735"/>
</kw>
<kw name="Should Be Equal As Integers" owner="BuiltIn">
<msg time="2026-05-10T03:55:52.791599" level="INFO">Argument types are:
&lt;class 'int'&gt;
&lt;class 'str'&gt;</msg>
<arg>${count}</arg>
<arg>4</arg>
<doc>Fails if objects are unequal after converting them to integers.</doc>
<status status="PASS" start="2026-05-10T03:55:52.789301" elapsed="0.002816"/>
</kw>
<status status="PASS" start="2026-05-10T03:55:52.747446" elapsed="0.045542"/>
</test>
<test id="s1-t7" name="Verify Order Data" line="39">
<kw name="Wait Until Page Contains" owner="SeleniumLibrary">
<arg>FD-1201</arg>
<doc>Waits until ``text`` appears on the current page.</doc>
<status status="PASS" start="2026-05-10T03:55:52.796457" elapsed="0.037997"/>
</kw>
<kw name="Wait Until Page Contains" owner="SeleniumLibrary">
<arg>Ahmed Ali</arg>
<doc>Waits until ``text`` appears on the current page.</doc>
<status status="PASS" start="2026-05-10T03:55:52.835570" elapsed="0.034228"/>
</kw>
<kw name="Wait Until Page Contains" owner="SeleniumLibrary">
<arg>Sara Mohamed</arg>
<doc>Waits until ``text`` appears on the current page.</doc>
<status status="PASS" start="2026-05-10T03:55:52.871049" elapsed="0.047053"/>
</kw>
<kw name="Wait Until Page Contains" owner="SeleniumLibrary">
<arg>Delivered</arg>
<doc>Waits until ``text`` appears on the current page.</doc>
<status status="PASS" start="2026-05-10T03:55:52.918990" elapsed="0.037555"/>
</kw>
<kw name="Wait Until Page Contains" owner="SeleniumLibrary">
<arg>Cancelled</arg>
<doc>Waits until ``text`` appears on the current page.</doc>
<status status="PASS" start="2026-05-10T03:55:52.958384" elapsed="0.037862"/>
</kw>
<status status="PASS" start="2026-05-10T03:55:52.795243" elapsed="0.201903"/>
</test>
<kw name="Close Browser" owner="SeleniumLibrary" type="TEARDOWN">
<doc>Closes the current browser.</doc>
<status status="PASS" start="2026-05-10T03:55:53.000426" elapsed="2.325158"/>
</kw>
<status status="FAIL" start="2026-05-10T03:55:43.238969" elapsed="12.086924"/>
</suite>
<statistics>
<total>
<stat pass="5" fail="2" skip="0">All Tests</stat>
</total>
<tag>
</tag>
<suite>
<stat name="Orders Test" id="s1" pass="5" fail="2" skip="0">Orders Test</stat>
</suite>
</statistics>
<errors>
</errors>
</robot>
