<?xml version="1.0" encoding="UTF-8"?>
<robot generator="Robot 7.4.2 (Python 3.13.6 on win32)" generated="2026-05-10T03:42:04.602998" rpa="false" schemaversion="5">
<suite id="s1" name="Dashboard Test" source="C:\Users\Lenovo\food-delivery-frontend\features\dashboard\dashboard_test.robot">
<test id="s1-t1" name="Open Dashboard Page Successfully" line="11">
<kw name="Open Browser" owner="SeleniumLibrary">
<msg time="2026-05-10T03:42:05.040789" level="INFO">Opening browser 'chrome' to base url 'file:///C:/Users/Lenovo/food-delivery-frontend/features/dashboard/dashboard.html'.</msg>
<arg>${URL}</arg>
<arg>${BROWSER}</arg>
<doc>Opens a new browser instance to the optional ``url``.</doc>
<status status="PASS" start="2026-05-10T03:42:05.039877" elapsed="1.496697"/>
</kw>
<kw name="Maximize Browser Window" owner="SeleniumLibrary">
<doc>Maximizes current browser window.</doc>
<status status="PASS" start="2026-05-10T03:42:06.537415" elapsed="0.039688"/>
</kw>
<kw name="Page Should Contain" owner="SeleniumLibrary">
<msg time="2026-05-10T03:42:06.615208" level="INFO">Current page contains text 'Today's Summary'.</msg>
<arg>Today's Summary</arg>
<doc>Verifies that current page contains ``text``.</doc>
<status status="PASS" start="2026-05-10T03:42:06.577579" elapsed="0.037743"/>
</kw>
<kw name="Page Should Contain" owner="SeleniumLibrary">
<msg time="2026-05-10T03:42:06.641184" level="INFO">Current page contains text 'Good Morning, Chris'.</msg>
<arg>Good Morning, Chris</arg>
<doc>Verifies that current page contains ``text``.</doc>
<status status="PASS" start="2026-05-10T03:42:06.615775" elapsed="0.025576"/>
</kw>
<kw name="Page Should Contain Element" owner="SeleniumLibrary">
<msg time="2026-05-10T03:42:06.660250" level="INFO">Current page contains element 'css=.main-content'.</msg>
<arg>css=.main-content</arg>
<doc>Verifies that element ``locator`` is found on the current page.</doc>
<status status="PASS" start="2026-05-10T03:42:06.641821" elapsed="0.018539"/>
</kw>
<kw name="Close Browser" owner="SeleniumLibrary">
<doc>Closes the current browser.</doc>
<status status="PASS" start="2026-05-10T03:42:06.661118" elapsed="2.193017"/>
</kw>
<doc>Dashboard page loads correctly</doc>
<status status="PASS" start="2026-05-10T03:42:05.038329" elapsed="3.816887"/>
</test>
<test id="s1-t2" name="Check Topbar Elements" line="24">
<kw name="Open Browser" owner="SeleniumLibrary">
<msg time="2026-05-10T03:42:08.857673" level="INFO">Opening browser 'chrome' to base url 'file:///C:/Users/Lenovo/food-delivery-frontend/features/dashboard/dashboard.html'.</msg>
<arg>${URL}</arg>
<arg>${BROWSER}</arg>
<doc>Opens a new browser instance to the optional ``url``.</doc>
<status status="PASS" start="2026-05-10T03:42:08.857265" elapsed="2.552061"/>
</kw>
<kw name="Maximize Browser Window" owner="SeleniumLibrary">
<doc>Maximizes current browser window.</doc>
<status status="PASS" start="2026-05-10T03:42:11.410305" elapsed="0.046348"/>
</kw>
<kw name="Page Should Contain Element" owner="SeleniumLibrary">
<msg time="2026-05-10T03:42:11.483492" level="INFO">Current page contains element 'css=.topbar'.</msg>
<arg>css=.topbar</arg>
<doc>Verifies that element ``locator`` is found on the current page.</doc>
<status status="PASS" start="2026-05-10T03:42:11.457377" elapsed="0.026461"/>
</kw>
<kw name="Page Should Contain Element" owner="SeleniumLibrary">
<msg time="2026-05-10T03:42:11.514306" level="INFO">Current page contains element 'css=.logo-img'.</msg>
<arg>css=.logo-img</arg>
<doc>Verifies that element ``locator`` is found on the current page.</doc>
<status status="PASS" start="2026-05-10T03:42:11.485431" elapsed="0.029271"/>
</kw>
<kw name="Page Should Contain" owner="SeleniumLibrary">
<msg time="2026-05-10T03:42:11.554419" level="INFO">Current page contains text 'Get Help'.</msg>
<arg>Get Help</arg>
<doc>Verifies that current page contains ``text``.</doc>
<status status="PASS" start="2026-05-10T03:42:11.515498" elapsed="0.039572"/>
</kw>
<kw name="Close Browser" owner="SeleniumLibrary">
<doc>Closes the current browser.</doc>
<status status="PASS" start="2026-05-10T03:42:11.556181" elapsed="2.204150"/>
</kw>
<doc>Topbar should contain logo and action buttons</doc>
<status status="PASS" start="2026-05-10T03:42:08.856382" elapsed="4.904913"/>
</test>
<test id="s1-t3" name="Check Sidebar Navigation" line="37">
<kw name="Open Browser" owner="SeleniumLibrary">
<msg time="2026-05-10T03:42:13.763655" level="INFO">Opening browser 'chrome' to base url 'file:///C:/Users/Lenovo/food-delivery-frontend/features/dashboard/dashboard.html'.</msg>
<arg>${URL}</arg>
<arg>${BROWSER}</arg>
<doc>Opens a new browser instance to the optional ``url``.</doc>
<status status="PASS" start="2026-05-10T03:42:13.763148" elapsed="1.994524"/>
</kw>
<kw name="Maximize Browser Window" owner="SeleniumLibrary">
<doc>Maximizes current browser window.</doc>
<status status="PASS" start="2026-05-10T03:42:15.758544" elapsed="0.049372"/>
</kw>
<kw name="Page Should Contain" owner="SeleniumLibrary">
<msg time="2026-05-10T03:42:15.865125" level="INFO">Current page contains text 'Dashboard'.</msg>
<arg>Dashboard</arg>
<doc>Verifies that current page contains ``text``.</doc>
<status status="PASS" start="2026-05-10T03:42:15.809051" elapsed="0.056464"/>
</kw>
<kw name="Page Should Contain" owner="SeleniumLibrary">
<msg time="2026-05-10T03:42:15.906760" level="INFO">Current page contains text 'Orders'.</msg>
<arg>Orders</arg>
<doc>Verifies that current page contains ``text``.</doc>
<status status="PASS" start="2026-05-10T03:42:15.866763" elapsed="0.040877"/>
</kw>
<kw name="Page Should Contain" owner="SeleniumLibrary">
<msg time="2026-05-10T03:42:15.942793" level="INFO">Current page contains text 'Stores'.</msg>
<arg>Stores</arg>
<doc>Verifies that current page contains ``text``.</doc>
<status status="PASS" start="2026-05-10T03:42:15.910187" elapsed="0.032830"/>
</kw>
<kw name="Page Should Contain" owner="SeleniumLibrary">
<msg time="2026-05-10T03:42:15.966297" level="INFO">Current page contains text 'Analytics'.</msg>
<arg>Analytics</arg>
<doc>Verifies that current page contains ``text``.</doc>
<status status="PASS" start="2026-05-10T03:42:15.944655" elapsed="0.021918"/>
</kw>
<kw name="Page Should Contain" owner="SeleniumLibrary">
<msg time="2026-05-10T03:42:15.996667" level="INFO">Current page contains text 'Customers'.</msg>
<arg>Customers</arg>
<doc>Verifies that current page contains ``text``.</doc>
<status status="PASS" start="2026-05-10T03:42:15.968121" elapsed="0.028816"/>
</kw>
<kw name="Page Should Contain" owner="SeleniumLibrary">
<msg time="2026-05-10T03:42:16.037617" level="INFO">Current page contains text 'Marketing'.</msg>
<arg>Marketing</arg>
<doc>Verifies that current page contains ``text``.</doc>
<status status="PASS" start="2026-05-10T03:42:15.997717" elapsed="0.040148"/>
</kw>
<kw name="Page Should Contain" owner="SeleniumLibrary">
<msg time="2026-05-10T03:42:16.061553" level="INFO">Current page contains text 'Menu'.</msg>
<arg>Menu</arg>
<doc>Verifies that current page contains ``text``.</doc>
<status status="PASS" start="2026-05-10T03:42:16.039065" elapsed="0.022731"/>
</kw>
<kw name="Page Should Contain" owner="SeleniumLibrary">
<msg time="2026-05-10T03:42:16.082540" level="INFO">Current page contains text 'Settings'.</msg>
<arg>Settings</arg>
<doc>Verifies that current page contains ``text``.</doc>
<status status="PASS" start="2026-05-10T03:42:16.062820" elapsed="0.019996"/>
</kw>
<kw name="Close Browser" owner="SeleniumLibrary">
<doc>Closes the current browser.</doc>
<status status="PASS" start="2026-05-10T03:42:16.083593" elapsed="2.153758"/>
</kw>
<doc>Sidebar navigation links should exist</doc>
<status status="PASS" start="2026-05-10T03:42:13.762282" elapsed="4.475851"/>
</test>
<test id="s1-t4" name="Check Restaurant Card" line="55">
<kw name="Open Browser" owner="SeleniumLibrary">
<msg time="2026-05-10T03:42:18.240879" level="INFO">Opening browser 'chrome' to base url 'file:///C:/Users/Lenovo/food-delivery-frontend/features/dashboard/dashboard.html'.</msg>
<arg>${URL}</arg>
<arg>${BROWSER}</arg>
<doc>Opens a new browser instance to the optional ``url``.</doc>
<status status="PASS" start="2026-05-10T03:42:18.240394" elapsed="2.620305"/>
</kw>
<kw name="Maximize Browser Window" owner="SeleniumLibrary">
<doc>Maximizes current browser window.</doc>
<status status="PASS" start="2026-05-10T03:42:20.861750" elapsed="0.054157"/>
</kw>
<kw name="Page Should Contain" owner="SeleniumLibrary">
<msg time="2026-05-10T03:42:20.975725" level="INFO">Current page contains text 'Burger House'.</msg>
<arg>Burger House</arg>
<doc>Verifies that current page contains ``text``.</doc>
<status status="PASS" start="2026-05-10T03:42:20.916895" elapsed="0.059172"/>
</kw>
<kw name="Page Should Contain" owner="SeleniumLibrary">
<msg time="2026-05-10T03:42:21.033366" level="INFO">Current page contains text 'Food Delivery Business'.</msg>
<arg>Food Delivery Business</arg>
<doc>Verifies that current page contains ``text``.</doc>
<status status="PASS" start="2026-05-10T03:42:20.977376" elapsed="0.056278"/>
</kw>
<kw name="Close Browser" owner="SeleniumLibrary">
<doc>Closes the current browser.</doc>
<status status="PASS" start="2026-05-10T03:42:21.034480" elapsed="2.181988"/>
</kw>
<doc>Restaurant information card should appear</doc>
<status status="PASS" start="2026-05-10T03:42:18.239357" elapsed="4.978577"/>
</test>
<test id="s1-t5" name="Check Hero Section" line="67">
<kw name="Open Browser" owner="SeleniumLibrary">
<msg time="2026-05-10T03:42:23.220988" level="INFO">Opening browser 'chrome' to base url 'file:///C:/Users/Lenovo/food-delivery-frontend/features/dashboard/dashboard.html'.</msg>
<arg>${URL}</arg>
<arg>${BROWSER}</arg>
<doc>Opens a new browser instance to the optional ``url``.</doc>
<status status="PASS" start="2026-05-10T03:42:23.220558" elapsed="2.029089"/>
</kw>
<kw name="Maximize Browser Window" owner="SeleniumLibrary">
<doc>Maximizes current browser window.</doc>
<status status="PASS" start="2026-05-10T03:42:25.250655" elapsed="0.060891"/>
</kw>
<kw name="Page Should Contain" owner="SeleniumLibrary">
<msg time="2026-05-10T03:42:25.382036" level="INFO">Current page contains text 'Today's Summary'.</msg>
<arg>Today's Summary</arg>
<doc>Verifies that current page contains ``text``.</doc>
<status status="PASS" start="2026-05-10T03:42:25.312830" elapsed="0.070463"/>
</kw>
<kw name="Page Should Contain" owner="SeleniumLibrary">
<msg time="2026-05-10T03:42:25.440097" level="INFO">Current page contains text 'View Reports'.</msg>
<arg>View Reports</arg>
<doc>Verifies that current page contains ``text``.</doc>
<status status="PASS" start="2026-05-10T03:42:25.385891" elapsed="0.054620"/>
</kw>
<kw name="Page Should Contain Element" owner="SeleniumLibrary">
<msg time="2026-05-10T03:42:25.493124" level="INFO">Current page contains element 'css=.primary-btn'.</msg>
<arg>css=.primary-btn</arg>
<doc>Verifies that element ``locator`` is found on the current page.</doc>
<status status="PASS" start="2026-05-10T03:42:25.442699" elapsed="0.051282"/>
</kw>
<kw name="Close Browser" owner="SeleniumLibrary">
<doc>Closes the current browser.</doc>
<status status="PASS" start="2026-05-10T03:42:25.495362" elapsed="2.206516"/>
</kw>
<doc>Hero section should contain summary content</doc>
<status status="PASS" start="2026-05-10T03:42:23.219639" elapsed="4.483253"/>
</test>
<test id="s1-t6" name="Check Statistics Cards" line="80">
<kw name="Open Browser" owner="SeleniumLibrary">
<msg time="2026-05-10T03:42:27.705650" level="INFO">Opening browser 'chrome' to base url 'file:///C:/Users/Lenovo/food-delivery-frontend/features/dashboard/dashboard.html'.</msg>
<arg>${URL}</arg>
<arg>${BROWSER}</arg>
<doc>Opens a new browser instance to the optional ``url``.</doc>
<status status="PASS" start="2026-05-10T03:42:27.705194" elapsed="2.114032"/>
</kw>
<kw name="Maximize Browser Window" owner="SeleniumLibrary">
<doc>Maximizes current browser window.</doc>
<status status="PASS" start="2026-05-10T03:42:29.819890" elapsed="0.043992"/>
</kw>
<kw name="Page Should Contain" owner="SeleniumLibrary">
<msg time="2026-05-10T03:42:29.917260" level="INFO">Current page contains text 'Total Sales'.</msg>
<arg>Total Sales</arg>
<doc>Verifies that current page contains ``text``.</doc>
<status status="PASS" start="2026-05-10T03:42:29.866158" elapsed="0.051548"/>
</kw>
<kw name="Page Should Contain" owner="SeleniumLibrary">
<msg time="2026-05-10T03:42:29.957561" level="INFO">Current page contains text 'Total Orders'.</msg>
<arg>Total Orders</arg>
<doc>Verifies that current page contains ``text``.</doc>
<status status="PASS" start="2026-05-10T03:42:29.919043" elapsed="0.038981"/>
</kw>
<kw name="Page Should Contain" owner="SeleniumLibrary">
<msg time="2026-05-10T03:42:29.991739" level="INFO">Current page contains text 'Average Ticket'.</msg>
<arg>Average Ticket</arg>
<doc>Verifies that current page contains ``text``.</doc>
<status status="PASS" start="2026-05-10T03:42:29.958782" elapsed="0.033191"/>
</kw>
<kw name="Close Browser" owner="SeleniumLibrary">
<doc>Closes the current browser.</doc>
<status status="PASS" start="2026-05-10T03:42:29.992689" elapsed="2.202399"/>
</kw>
<doc>Statistics cards should appear</doc>
<status status="PASS" start="2026-05-10T03:42:27.703713" elapsed="4.492456"/>
</test>
<test id="s1-t7" name="Check Opportunities Section" line="93">
<kw name="Open Browser" owner="SeleniumLibrary">
<msg time="2026-05-10T03:42:32.199509" level="INFO">Opening browser 'chrome' to base url 'file:///C:/Users/Lenovo/food-delivery-frontend/features/dashboard/dashboard.html'.</msg>
<arg>${URL}</arg>
<arg>${BROWSER}</arg>
<doc>Opens a new browser instance to the optional ``url``.</doc>
<status status="PASS" start="2026-05-10T03:42:32.199042" elapsed="2.149050"/>
</kw>
<kw name="Maximize Browser Window" owner="SeleniumLibrary">
<doc>Maximizes current browser window.</doc>
<status status="PASS" start="2026-05-10T03:42:34.348807" elapsed="0.036368"/>
</kw>
<kw name="Page Should Contain" owner="SeleniumLibrary">
<msg time="2026-05-10T03:42:34.420366" level="INFO">Current page contains text 'Top Opportunities'.</msg>
<arg>Top Opportunities</arg>
<doc>Verifies that current page contains ``text``.</doc>
<status status="PASS" start="2026-05-10T03:42:34.386303" elapsed="0.034448"/>
</kw>
<kw name="Page Should Contain" owner="SeleniumLibrary">
<msg time="2026-05-10T03:42:34.459529" level="INFO">Current page contains text 'Boost your store visibility with promotions'.</msg>
<arg>Boost your store visibility with promotions</arg>
<doc>Verifies that current page contains ``text``.</doc>
<status status="PASS" start="2026-05-10T03:42:34.421990" elapsed="0.037785"/>
</kw>
<kw name="Close Browser" owner="SeleniumLibrary">
<doc>Closes the current browser.</doc>
<status status="PASS" start="2026-05-10T03:42:34.460747" elapsed="2.208411"/>
</kw>
<doc>Top opportunities section should exist</doc>
<status status="PASS" start="2026-05-10T03:42:32.198106" elapsed="4.473028"/>
</test>
<test id="s1-t8" name="Check Sales Overview Section" line="105">
<kw name="Open Browser" owner="SeleniumLibrary">
<msg time="2026-05-10T03:42:36.674209" level="INFO">Opening browser 'chrome' to base url 'file:///C:/Users/Lenovo/food-delivery-frontend/features/dashboard/dashboard.html'.</msg>
<arg>${URL}</arg>
<arg>${BROWSER}</arg>
<doc>Opens a new browser instance to the optional ``url``.</doc>
<status status="PASS" start="2026-05-10T03:42:36.673659" elapsed="2.178318"/>
</kw>
<kw name="Maximize Browser Window" owner="SeleniumLibrary">
<doc>Maximizes current browser window.</doc>
<status status="PASS" start="2026-05-10T03:42:38.852633" elapsed="0.052109"/>
</kw>
<kw name="Page Should Contain" owner="SeleniumLibrary">
<msg time="2026-05-10T03:42:38.972334" level="INFO">Current page contains text 'Sales Overview'.</msg>
<arg>Sales Overview</arg>
<doc>Verifies that current page contains ``text``.</doc>
<status status="PASS" start="2026-05-10T03:42:38.906249" elapsed="0.066456"/>
</kw>
<kw name="Page Should Contain" owner="SeleniumLibrary">
<msg time="2026-05-10T03:42:39.020978" level="INFO">Current page contains text 'Last 30 Days'.</msg>
<arg>Last 30 Days</arg>
<doc>Verifies that current page contains ``text``.</doc>
<status status="PASS" start="2026-05-10T03:42:38.973997" elapsed="0.047505"/>
</kw>
<kw name="Page Should Contain" owner="SeleniumLibrary">
<msg time="2026-05-10T03:42:39.042669" level="INFO">Current page contains text 'Sales'.</msg>
<arg>Sales</arg>
<doc>Verifies that current page contains ``text``.</doc>
<status status="PASS" start="2026-05-10T03:42:39.022207" elapsed="0.020703"/>
</kw>
<kw name="Page Should Contain" owner="SeleniumLibrary">
<msg time="2026-05-10T03:42:39.080073" level="INFO">Current page contains text 'Orders'.</msg>
<arg>Orders</arg>
<doc>Verifies that current page contains ``text``.</doc>
<status status="PASS" start="2026-05-10T03:42:39.043654" elapsed="0.037029"/>
</kw>
<kw name="Close Browser" owner="SeleniumLibrary">
<doc>Closes the current browser.</doc>
<status status="PASS" start="2026-05-10T03:42:39.081938" elapsed="2.227613"/>
</kw>
<doc>Sales overview section should appear</doc>
<status status="PASS" start="2026-05-10T03:42:36.672676" elapsed="4.637926"/>
</test>
<test id="s1-t9" name="Check Quick Actions Section" line="119">
<kw name="Open Browser" owner="SeleniumLibrary">
<msg time="2026-05-10T03:42:41.313685" level="INFO">Opening browser 'chrome' to base url 'file:///C:/Users/Lenovo/food-delivery-frontend/features/dashboard/dashboard.html'.</msg>
<arg>${URL}</arg>
<arg>${BROWSER}</arg>
<doc>Opens a new browser instance to the optional ``url``.</doc>
<status status="PASS" start="2026-05-10T03:42:41.312874" elapsed="2.011605"/>
</kw>
<kw name="Maximize Browser Window" owner="SeleniumLibrary">
<doc>Maximizes current browser window.</doc>
<status status="PASS" start="2026-05-10T03:42:43.325320" elapsed="0.051577"/>
</kw>
<kw name="Page Should Contain" owner="SeleniumLibrary">
<msg time="2026-05-10T03:42:43.460712" level="INFO">Current page contains text 'Quick Actions'.</msg>
<arg>Quick Actions</arg>
<doc>Verifies that current page contains ``text``.</doc>
<status status="PASS" start="2026-05-10T03:42:43.377977" elapsed="0.083123"/>
</kw>
<kw name="Page Should Contain" owner="SeleniumLibrary">
<msg time="2026-05-10T03:42:43.520078" level="INFO">Current page contains text 'Boost Store'.</msg>
<arg>Boost Store</arg>
<doc>Verifies that current page contains ``text``.</doc>
<status status="PASS" start="2026-05-10T03:42:43.462105" elapsed="0.058432"/>
</kw>
<kw name="Page Should Contain" owner="SeleniumLibrary">
<msg time="2026-05-10T03:42:43.564642" level="INFO">Current page contains text 'Run Promotion'.</msg>
<arg>Run Promotion</arg>
<doc>Verifies that current page contains ``text``.</doc>
<status status="PASS" start="2026-05-10T03:42:43.521875" elapsed="0.043769"/>
</kw>
<kw name="Page Should Contain" owner="SeleniumLibrary">
<msg time="2026-05-10T03:42:43.635713" level="INFO">Current page contains text 'Edit Menu'.</msg>
<arg>Edit Menu</arg>
<doc>Verifies that current page contains ``text``.</doc>
<status status="PASS" start="2026-05-10T03:42:43.566652" elapsed="0.069773"/>
</kw>
<kw name="Page Should Contain" owner="SeleniumLibrary">
<msg time="2026-05-10T03:42:43.672549" level="INFO">Current page contains text 'Store Hours'.</msg>
<arg>Store Hours</arg>
<doc>Verifies that current page contains ``text``.</doc>
<status status="PASS" start="2026-05-10T03:42:43.637589" elapsed="0.035277"/>
</kw>
<kw name="Close Browser" owner="SeleniumLibrary">
<doc>Closes the current browser.</doc>
<status status="PASS" start="2026-05-10T03:42:43.673873" elapsed="2.191732"/>
</kw>
<doc>Quick actions items should exist</doc>
<status status="PASS" start="2026-05-10T03:42:41.311996" elapsed="4.554524"/>
</test>
<test id="s1-t10" name="Check Mobile Menu Button" line="134">
<kw name="Open Browser" owner="SeleniumLibrary">
<msg time="2026-05-10T03:42:45.870039" level="INFO">Opening browser 'chrome' to base url 'file:///C:/Users/Lenovo/food-delivery-frontend/features/dashboard/dashboard.html'.</msg>
<arg>${URL}</arg>
<arg>${BROWSER}</arg>
<doc>Opens a new browser instance to the optional ``url``.</doc>
<status status="PASS" start="2026-05-10T03:42:45.869502" elapsed="2.282673"/>
</kw>
<kw name="Set Window Size" owner="SeleniumLibrary">
<arg>500</arg>
<arg>800</arg>
<doc>Sets current windows size to given ``width`` and ``height``.</doc>
<status status="PASS" start="2026-05-10T03:42:48.153217" elapsed="0.395502"/>
</kw>
<kw name="Page Should Contain Element" owner="SeleniumLibrary">
<msg time="2026-05-10T03:42:48.587919" level="INFO">Current page contains element 'id=menuBtn'.</msg>
<arg>id=menuBtn</arg>
<doc>Verifies that element ``locator`` is found on the current page.</doc>
<status status="PASS" start="2026-05-10T03:42:48.549665" elapsed="0.038677"/>
</kw>
<kw name="Page Should Contain Element" owner="SeleniumLibrary">
<msg time="2026-05-10T03:42:48.620318" level="INFO">Current page contains element 'id=sidebar'.</msg>
<arg>id=sidebar</arg>
<doc>Verifies that element ``locator`` is found on the current page.</doc>
<status status="PASS" start="2026-05-10T03:42:48.589265" elapsed="0.031362"/>
</kw>
<kw name="Page Should Contain Element" owner="SeleniumLibrary">
<msg time="2026-05-10T03:42:48.651806" level="INFO">Current page contains element 'id=sidebarOverlay'.</msg>
<arg>id=sidebarOverlay</arg>
<doc>Verifies that element ``locator`` is found on the current page.</doc>
<status status="PASS" start="2026-05-10T03:42:48.621525" elapsed="0.030611"/>
</kw>
<kw name="Close Browser" owner="SeleniumLibrary">
<doc>Closes the current browser.</doc>
<status status="PASS" start="2026-05-10T03:42:48.653407" elapsed="2.203068"/>
</kw>
<doc>Mobile menu button should exist</doc>
<status status="PASS" start="2026-05-10T03:42:45.868248" elapsed="4.989417"/>
</test>
<test id="s1-t11" name="Check Sidebar Toggle Functionality" line="148">
<kw name="Open Browser" owner="SeleniumLibrary">
<msg time="2026-05-10T03:42:50.860616" level="INFO">Opening browser 'chrome' to base url 'file:///C:/Users/Lenovo/food-delivery-frontend/features/dashboard/dashboard.html'.</msg>
<arg>${URL}</arg>
<arg>${BROWSER}</arg>
<doc>Opens a new browser instance to the optional ``url``.</doc>
<status status="PASS" start="2026-05-10T03:42:50.860112" elapsed="2.382781"/>
</kw>
<kw name="Set Window Size" owner="SeleniumLibrary">
<arg>500</arg>
<arg>800</arg>
<doc>Sets current windows size to given ``width`` and ``height``.</doc>
<status status="PASS" start="2026-05-10T03:42:53.244211" elapsed="0.394132"/>
</kw>
<kw name="Wait Until Element Is Visible" owner="SeleniumLibrary">
<msg time="2026-05-10T03:43:03.798012" level="INFO" html="true">&lt;/td&gt;&lt;/tr&gt;&lt;tr&gt;&lt;td colspan="3"&gt;&lt;a href="selenium-screenshot-1.png"&gt;&lt;img src="selenium-screenshot-1.png" width="800px"&gt;&lt;/a&gt;</msg>
<msg time="2026-05-10T03:43:03.798567" level="FAIL">Element 'id=menuBtn' not visible after 10 seconds.</msg>
<arg>id=menuBtn</arg>
<arg>10s</arg>
<doc>Waits until the element ``locator`` is visible.</doc>
<status status="FAIL" start="2026-05-10T03:42:53.639228" elapsed="10.169664">Element 'id=menuBtn' not visible after 10 seconds.</status>
</kw>
<kw name="Click Element" owner="SeleniumLibrary">
<arg>id=menuBtn</arg>
<doc>Click the element identified by ``locator``.</doc>
<status status="NOT RUN" start="2026-05-10T03:43:03.809805" elapsed="0.000089"/>
</kw>
<kw name="Sleep" owner="BuiltIn">
<arg>1s</arg>
<doc>Pauses the test executed for the given time.</doc>
<status status="NOT RUN" start="2026-05-10T03:43:03.810490" elapsed="0.000074"/>
</kw>
<kw name="Element Attribute Value Should Be" owner="SeleniumLibrary">
<arg>id=sidebar</arg>
<arg>class</arg>
<arg>sidebar show</arg>
<doc>Verifies element identified by ``locator`` contains expected attribute value.</doc>
<status status="NOT RUN" start="2026-05-10T03:43:03.811305" elapsed="0.000098"/>
</kw>
<kw name="Click Element" owner="SeleniumLibrary">
<arg>id=sidebarOverlay</arg>
<doc>Click the element identified by ``locator``.</doc>
<status status="NOT RUN" start="2026-05-10T03:43:03.811937" elapsed="0.000072"/>
</kw>
<kw name="Sleep" owner="BuiltIn">
<arg>1s</arg>
<doc>Pauses the test executed for the given time.</doc>
<status status="NOT RUN" start="2026-05-10T03:43:03.813006" elapsed="0.000102"/>
</kw>
<kw name="Element Attribute Value Should Be" owner="SeleniumLibrary">
<arg>id=sidebar</arg>
<arg>class</arg>
<arg>sidebar</arg>
<doc>Verifies element identified by ``locator`` contains expected attribute value.</doc>
<status status="NOT RUN" start="2026-05-10T03:43:03.813673" elapsed="0.000101"/>
</kw>
<kw name="Close Browser" owner="SeleniumLibrary">
<doc>Closes the current browser.</doc>
<status status="NOT RUN" start="2026-05-10T03:43:03.814417" elapsed="0.000095"/>
</kw>
<doc>Sidebar should toggle on menu button click</doc>
<status status="FAIL" start="2026-05-10T03:42:50.859111" elapsed="12.956565">Element 'id=menuBtn' not visible after 10 seconds.</status>
</test>
<test id="s1-t12" name="Check Icons Exist" line="178">
<kw name="Open Browser" owner="SeleniumLibrary">
<msg time="2026-05-10T03:43:03.819055" level="INFO">Opening browser 'chrome' to base url 'file:///C:/Users/Lenovo/food-delivery-frontend/features/dashboard/dashboard.html'.</msg>
<arg>${URL}</arg>
<arg>${BROWSER}</arg>
<doc>Opens a new browser instance to the optional ``url``.</doc>
<status status="PASS" start="2026-05-10T03:43:03.818353" elapsed="3.545254"/>
</kw>
<kw name="Maximize Browser Window" owner="SeleniumLibrary">
<doc>Maximizes current browser window.</doc>
<status status="PASS" start="2026-05-10T03:43:07.364345" elapsed="0.043884"/>
</kw>
<kw name="Page Should Contain Element" owner="SeleniumLibrary">
<msg time="2026-05-10T03:43:07.427827" level="INFO">Current page contains element 'css=.fa-headset'.</msg>
<arg>css=.fa-headset</arg>
<doc>Verifies that element ``locator`` is found on the current page.</doc>
<status status="PASS" start="2026-05-10T03:43:07.408811" elapsed="0.019269"/>
</kw>
<kw name="Page Should Contain Element" owner="SeleniumLibrary">
<msg time="2026-05-10T03:43:07.451243" level="INFO">Current page contains element 'css=.fa-bell'.</msg>
<arg>css=.fa-bell</arg>
<doc>Verifies that element ``locator`` is found on the current page.</doc>
<status status="PASS" start="2026-05-10T03:43:07.428758" elapsed="0.023599"/>
</kw>
<kw name="Page Should Contain Element" owner="SeleniumLibrary">
<msg time="2026-05-10T03:43:07.475595" level="INFO">Current page contains element 'css=.fa-house'.</msg>
<arg>css=.fa-house</arg>
<doc>Verifies that element ``locator`` is found on the current page.</doc>
<status status="PASS" start="2026-05-10T03:43:07.454300" elapsed="0.021513"/>
</kw>
<kw name="Page Should Contain Element" owner="SeleniumLibrary">
<msg time="2026-05-10T03:43:07.494970" level="INFO">Current page contains element 'css=.fa-chart-line'.</msg>
<arg>css=.fa-chart-line</arg>
<doc>Verifies that element ``locator`` is found on the current page.</doc>
<status status="PASS" start="2026-05-10T03:43:07.476499" elapsed="0.018647"/>
</kw>
<kw name="Close Browser" owner="SeleniumLibrary">
<doc>Closes the current browser.</doc>
<status status="PASS" start="2026-05-10T03:43:07.495916" elapsed="2.187848"/>
</kw>
<doc>Important dashboard icons should exist</doc>
<status status="PASS" start="2026-05-10T03:43:03.817084" elapsed="5.867567"/>
</test>
<status status="FAIL" start="2026-05-10T03:42:04.605936" elapsed="65.080806"/>
</suite>
<statistics>
<total>
<stat pass="11" fail="1" skip="0">All Tests</stat>
</total>
<tag>
</tag>
<suite>
<stat name="Dashboard Test" id="s1" pass="11" fail="1" skip="0">Dashboard Test</stat>
</suite>
</statistics>
<errors>
</errors>
</robot>
